Train receivers: [8, 9, 10, 11, 12, 13, 14, 15, 16, 17, 18, 19, 20, 21, 22, 23, 24, 25, 26, 27, 28, 29, 30, 31]
Test receivers:  [0, 1, 2, 3, 4, 5, 6, 7]
Train Epoch: 1 	Loss: 3.948840, Accuracy: 28471/32527 (87.53%), Avg HSIC Data: 42.207768

Validation set: Loss: 0.4820, Accuracy: 11938/13941 (85.63%)

Validation loss improved from inf to 0.482041, saving model.
------------------------------------------------
Train Epoch: 2 	Loss: 1.549826, Accuracy: 26455/32527 (81.33%), Avg HSIC Data: 10.010823

Validation set: Loss: 0.4711, Accuracy: 12019/13941 (86.21%)

Validation loss improved from 0.482041 to 0.471137, saving model.
------------------------------------------------
Train Epoch: 3 	Loss: 1.275208, Accuracy: 26772/32527 (82.31%), Avg HSIC Data: 7.923481

Validation set: Loss: 0.4938, Accuracy: 12004/13941 (86.11%)

No improvement in validation loss for 1 epoch(s).
------------------------------------------------
Train Epoch: 4 	Loss: 1.182343, Accuracy: 26986/32527 (82.96%), Avg HSIC Data: 7.338189

Validation set: Loss: 0.4803, Accuracy: 12018/13941 (86.21%)

No improvement in validation loss for 2 epoch(s).
------------------------------------------------
Train Epoch: 5 	Loss: 1.122353, Accuracy: 27342/32527 (84.06%), Avg HSIC Data: 7.057197

Validation set: Loss: 0.4641, Accuracy: 12102/13941 (86.81%)

Validation loss improved from 0.471137 to 0.464140, saving model.
------------------------------------------------
Train Epoch: 6 	Loss: 1.087532, Accuracy: 27389/32527 (84.20%), Avg HSIC Data: 6.833973

Validation set: Loss: 0.4774, Accuracy: 12028/13941 (86.28%)

No improvement in validation loss for 1 epoch(s).
------------------------------------------------
Train Epoch: 7 	Loss: 1.053059, Accuracy: 27485/32527 (84.50%), Avg HSIC Data: 6.539757

Validation set: Loss: 0.4906, Accuracy: 12099/13941 (86.79%)

No improvement in validation loss for 2 epoch(s).
------------------------------------------------
Train Epoch: 8 	Loss: 1.029474, Accuracy: 27482/32527 (84.49%), Avg HSIC Data: 6.406143

Validation set: Loss: 0.4539, Accuracy: 12139/13941 (87.07%)

Validation loss improved from 0.464140 to 0.453895, saving model.
------------------------------------------------
Train Epoch: 9 	Loss: 1.011099, Accuracy: 27608/32527 (84.88%), Avg HSIC Data: 6.272056

Validation set: Loss: 0.4987, Accuracy: 12078/13941 (86.64%)

No improvement in validation loss for 1 epoch(s).
------------------------------------------------
Train Epoch: 10 	Loss: 0.994945, Accuracy: 27671/32527 (85.07%), Avg HSIC Data: 6.178615

Validation set: Loss: 0.4728, Accuracy: 12087/13941 (86.70%)

No improvement in validation loss for 2 epoch(s).
------------------------------------------------
Train Epoch: 11 	Loss: 0.972399, Accuracy: 27733/32527 (85.26%), Avg HSIC Data: 5.986868

Validation set: Loss: 0.4759, Accuracy: 12114/13941 (86.89%)

No improvement in validation loss for 3 epoch(s).
------------------------------------------------
Train Epoch: 12 	Loss: 0.956765, Accuracy: 27784/32527 (85.42%), Avg HSIC Data: 5.765793

Validation set: Loss: 0.4451, Accuracy: 12163/13941 (87.25%)

Validation loss improved from 0.453895 to 0.445114, saving model.
------------------------------------------------
Train Epoch: 13 	Loss: 0.941793, Accuracy: 27753/32527 (85.32%), Avg HSIC Data: 5.621829

Validation set: Loss: 0.4361, Accuracy: 12210/13941 (87.58%)

Validation loss improved from 0.445114 to 0.436071, saving model.
------------------------------------------------
Train Epoch: 14 	Loss: 0.923137, Accuracy: 27756/32527 (85.33%), Avg HSIC Data: 5.441747

Validation set: Loss: 0.4107, Accuracy: 12307/13941 (88.28%)

Validation loss improved from 0.436071 to 0.410689, saving model.
------------------------------------------------
Train Epoch: 15 	Loss: 0.907545, Accuracy: 27773/32527 (85.38%), Avg HSIC Data: 5.272488

Validation set: Loss: 0.4520, Accuracy: 12152/13941 (87.17%)

No improvement in validation loss for 1 epoch(s).
------------------------------------------------
Train Epoch: 16 	Loss: 0.901457, Accuracy: 27724/32527 (85.23%), Avg HSIC Data: 5.207666

Validation set: Loss: 0.4234, Accuracy: 12270/13941 (88.01%)

No improvement in validation loss for 2 epoch(s).
------------------------------------------------
Train Epoch: 17 	Loss: 0.888787, Accuracy: 27805/32527 (85.48%), Avg HSIC Data: 5.145966

Validation set: Loss: 0.4758, Accuracy: 12112/13941 (86.88%)

No improvement in validation loss for 3 epoch(s).
------------------------------------------------
Train Epoch: 18 	Loss: 0.887854, Accuracy: 27855/32527 (85.64%), Avg HSIC Data: 5.151752

Validation set: Loss: 0.4629, Accuracy: 12199/13941 (87.50%)

No improvement in validation loss for 4 epoch(s).
------------------------------------------------
Train Epoch: 19 	Loss: 0.878051, Accuracy: 27880/32527 (85.71%), Avg HSIC Data: 5.101853

Validation set: Loss: 0.4227, Accuracy: 12280/13941 (88.09%)

No improvement in validation loss for 5 epoch(s).
------------------------------------------------
Train Epoch: 20 	Loss: 0.861252, Accuracy: 28025/32527 (86.16%), Avg HSIC Data: 5.042673

Validation set: Loss: 0.4061, Accuracy: 12343/13941 (88.54%)

Validation loss improved from 0.410689 to 0.406092, saving model.
------------------------------------------------
Train Epoch: 21 	Loss: 0.860454, Accuracy: 27984/32527 (86.03%), Avg HSIC Data: 5.017130

Validation set: Loss: 0.4128, Accuracy: 12328/13941 (88.43%)

No improvement in validation loss for 1 epoch(s).
------------------------------------------------
Train Epoch: 22 	Loss: 0.861526, Accuracy: 27987/32527 (86.04%), Avg HSIC Data: 4.996692

Validation set: Loss: 0.4182, Accuracy: 12318/13941 (88.36%)

No improvement in validation loss for 2 epoch(s).
------------------------------------------------
Train Epoch: 23 	Loss: 0.845190, Accuracy: 28117/32527 (86.44%), Avg HSIC Data: 4.931105

Validation set: Loss: 0.4554, Accuracy: 12173/13941 (87.32%)

No improvement in validation loss for 3 epoch(s).
------------------------------------------------
Train Epoch: 24 	Loss: 0.840658, Accuracy: 28120/32527 (86.45%), Avg HSIC Data: 4.900411

Validation set: Loss: 0.4117, Accuracy: 12319/13941 (88.37%)

No improvement in validation loss for 4 epoch(s).
------------------------------------------------
Train Epoch: 25 	Loss: 0.832493, Accuracy: 28186/32527 (86.65%), Avg HSIC Data: 4.859656

Validation set: Loss: 0.4172, Accuracy: 12285/13941 (88.12%)

No improvement in validation loss for 5 epoch(s).
------------------------------------------------
Train Epoch: 26 	Loss: 0.821466, Accuracy: 28321/32527 (87.07%), Avg HSIC Data: 4.822293

Validation set: Loss: 0.3939, Accuracy: 12373/13941 (88.75%)

Validation loss improved from 0.406092 to 0.393853, saving model.
------------------------------------------------
Train Epoch: 27 	Loss: 0.816893, Accuracy: 28267/32527 (86.90%), Avg HSIC Data: 4.772583

Validation set: Loss: 0.4014, Accuracy: 12330/13941 (88.44%)

No improvement in validation loss for 1 epoch(s).
------------------------------------------------
Train Epoch: 28 	Loss: 0.807751, Accuracy: 28320/32527 (87.07%), Avg HSIC Data: 4.727253

Validation set: Loss: 0.3934, Accuracy: 12376/13941 (88.77%)

Validation loss improved from 0.393853 to 0.393401, saving model.
------------------------------------------------
Train Epoch: 29 	Loss: 0.794975, Accuracy: 28411/32527 (87.35%), Avg HSIC Data: 4.643114

Validation set: Loss: 0.3817, Accuracy: 12415/13941 (89.05%)

Validation loss improved from 0.393401 to 0.381692, saving model.
------------------------------------------------
Train Epoch: 30 	Loss: 0.795034, Accuracy: 28397/32527 (87.30%), Avg HSIC Data: 4.596935

Validation set: Loss: 0.3798, Accuracy: 12421/13941 (89.10%)

Validation loss improved from 0.381692 to 0.379755, saving model.
------------------------------------------------
Train Epoch: 31 	Loss: 0.787958, Accuracy: 28391/32527 (87.28%), Avg HSIC Data: 4.523915

Validation set: Loss: 0.4036, Accuracy: 12325/13941 (88.41%)

No improvement in validation loss for 1 epoch(s).
------------------------------------------------
Train Epoch: 32 	Loss: 0.772796, Accuracy: 28598/32527 (87.92%), Avg HSIC Data: 4.443091

Validation set: Loss: 0.3949, Accuracy: 12343/13941 (88.54%)

No improvement in validation loss for 2 epoch(s).
------------------------------------------------
Train Epoch: 33 	Loss: 0.773324, Accuracy: 28538/32527 (87.74%), Avg HSIC Data: 4.446224

Validation set: Loss: 0.4012, Accuracy: 12363/13941 (88.68%)

No improvement in validation loss for 3 epoch(s).
------------------------------------------------
Train Epoch: 34 	Loss: 0.763301, Accuracy: 28585/32527 (87.88%), Avg HSIC Data: 4.325864

Validation set: Loss: 0.3982, Accuracy: 12330/13941 (88.44%)

No improvement in validation loss for 4 epoch(s).
------------------------------------------------
Train Epoch: 35 	Loss: 0.747696, Accuracy: 28665/32527 (88.13%), Avg HSIC Data: 4.268002

Validation set: Loss: 0.3630, Accuracy: 12455/13941 (89.34%)

Validation loss improved from 0.379755 to 0.363005, saving model.
------------------------------------------------
Train Epoch: 36 	Loss: 0.749160, Accuracy: 28656/32527 (88.10%), Avg HSIC Data: 4.255089

Validation set: Loss: 0.3897, Accuracy: 12398/13941 (88.93%)

No improvement in validation loss for 1 epoch(s).
------------------------------------------------
Train Epoch: 37 	Loss: 0.734658, Accuracy: 28710/32527 (88.27%), Avg HSIC Data: 4.144786

Validation set: Loss: 0.3650, Accuracy: 12465/13941 (89.41%)

No improvement in validation loss for 2 epoch(s).
------------------------------------------------
Train Epoch: 38 	Loss: 0.729766, Accuracy: 28702/32527 (88.24%), Avg HSIC Data: 4.102201

Validation set: Loss: 0.4005, Accuracy: 12372/13941 (88.75%)

No improvement in validation loss for 3 epoch(s).
------------------------------------------------
Train Epoch: 39 	Loss: 0.718755, Accuracy: 28776/32527 (88.47%), Avg HSIC Data: 4.048518

Validation set: Loss: 0.3543, Accuracy: 12464/13941 (89.41%)

Validation loss improved from 0.363005 to 0.354281, saving model.
------------------------------------------------
Train Epoch: 40 	Loss: 0.715627, Accuracy: 28765/32527 (88.43%), Avg HSIC Data: 4.002426

Validation set: Loss: 0.3552, Accuracy: 12479/13941 (89.51%)

No improvement in validation loss for 1 epoch(s).
------------------------------------------------
Train Epoch: 41 	Loss: 0.704084, Accuracy: 28830/32527 (88.63%), Avg HSIC Data: 3.893215

Validation set: Loss: 0.3763, Accuracy: 12395/13941 (88.91%)

No improvement in validation loss for 2 epoch(s).
------------------------------------------------
Train Epoch: 42 	Loss: 0.705610, Accuracy: 28797/32527 (88.53%), Avg HSIC Data: 3.903779

Validation set: Loss: 0.3823, Accuracy: 12375/13941 (88.77%)

No improvement in validation loss for 3 epoch(s).
------------------------------------------------
Train Epoch: 43 	Loss: 0.692622, Accuracy: 28833/32527 (88.64%), Avg HSIC Data: 3.795501

Validation set: Loss: 0.3471, Accuracy: 12482/13941 (89.53%)

Validation loss improved from 0.354281 to 0.347136, saving model.
------------------------------------------------
Train Epoch: 44 	Loss: 0.686550, Accuracy: 28885/32527 (88.80%), Avg HSIC Data: 3.734278

Validation set: Loss: 0.3507, Accuracy: 12434/13941 (89.19%)

No improvement in validation loss for 1 epoch(s).
------------------------------------------------
Train Epoch: 45 	Loss: 0.677620, Accuracy: 28879/32527 (88.78%), Avg HSIC Data: 3.644679

Validation set: Loss: 0.3608, Accuracy: 12480/13941 (89.52%)

No improvement in validation loss for 2 epoch(s).
------------------------------------------------
Train Epoch: 46 	Loss: 0.665966, Accuracy: 28952/32527 (89.01%), Avg HSIC Data: 3.584658

Validation set: Loss: 0.3693, Accuracy: 12432/13941 (89.18%)

No improvement in validation loss for 3 epoch(s).
------------------------------------------------
Train Epoch: 47 	Loss: 0.656137, Accuracy: 29014/32527 (89.20%), Avg HSIC Data: 3.509843

Validation set: Loss: 0.3484, Accuracy: 12433/13941 (89.18%)

No improvement in validation loss for 4 epoch(s).
------------------------------------------------
Train Epoch: 48 	Loss: 0.656906, Accuracy: 28953/32527 (89.01%), Avg HSIC Data: 3.447766

Validation set: Loss: 0.3455, Accuracy: 12479/13941 (89.51%)

Validation loss improved from 0.347136 to 0.345469, saving model.
------------------------------------------------
Train Epoch: 49 	Loss: 0.649423, Accuracy: 28939/32527 (88.97%), Avg HSIC Data: 3.346297

Validation set: Loss: 0.3822, Accuracy: 12418/13941 (89.08%)

No improvement in validation loss for 1 epoch(s).
------------------------------------------------
Train Epoch: 50 	Loss: 0.642728, Accuracy: 28925/32527 (88.93%), Avg HSIC Data: 3.285011

Validation set: Loss: 0.3325, Accuracy: 12513/13941 (89.76%)

Validation loss improved from 0.345469 to 0.332509, saving model.
------------------------------------------------
Train Epoch: 51 	Loss: 0.634163, Accuracy: 28931/32527 (88.94%), Avg HSIC Data: 3.198602

Validation set: Loss: 0.3535, Accuracy: 12461/13941 (89.38%)

No improvement in validation loss for 1 epoch(s).
------------------------------------------------
Train Epoch: 52 	Loss: 0.627483, Accuracy: 28989/32527 (89.12%), Avg HSIC Data: 3.149233

Validation set: Loss: 0.3361, Accuracy: 12503/13941 (89.69%)

No improvement in validation loss for 2 epoch(s).
------------------------------------------------
Train Epoch: 53 	Loss: 0.620150, Accuracy: 29042/32527 (89.29%), Avg HSIC Data: 3.120938

Validation set: Loss: 0.3482, Accuracy: 12518/13941 (89.79%)

No improvement in validation loss for 3 epoch(s).
------------------------------------------------
Train Epoch: 54 	Loss: 0.613826, Accuracy: 29118/32527 (89.52%), Avg HSIC Data: 3.081907

Validation set: Loss: 0.3836, Accuracy: 12334/13941 (88.47%)

No improvement in validation loss for 4 epoch(s).
------------------------------------------------
Train Epoch: 55 	Loss: 0.610398, Accuracy: 29075/32527 (89.39%), Avg HSIC Data: 3.055187

Validation set: Loss: 0.3306, Accuracy: 12500/13941 (89.66%)

Validation loss improved from 0.332509 to 0.330605, saving model.
------------------------------------------------
Train Epoch: 56 	Loss: 0.608088, Accuracy: 29120/32527 (89.53%), Avg HSIC Data: 3.030937

Validation set: Loss: 0.3141, Accuracy: 12609/13941 (90.45%)

Validation loss improved from 0.330605 to 0.314124, saving model.
------------------------------------------------
Train Epoch: 57 	Loss: 0.596073, Accuracy: 29156/32527 (89.64%), Avg HSIC Data: 2.951781

Validation set: Loss: 0.3212, Accuracy: 12575/13941 (90.20%)

No improvement in validation loss for 1 epoch(s).
------------------------------------------------
Train Epoch: 58 	Loss: 0.596770, Accuracy: 29042/32527 (89.29%), Avg HSIC Data: 2.938912

Validation set: Loss: 0.3372, Accuracy: 12526/13941 (89.85%)

No improvement in validation loss for 2 epoch(s).
------------------------------------------------
Train Epoch: 59 	Loss: 0.588712, Accuracy: 29156/32527 (89.64%), Avg HSIC Data: 2.912205

Validation set: Loss: 0.3191, Accuracy: 12573/13941 (90.19%)

No improvement in validation loss for 3 epoch(s).
------------------------------------------------
Train Epoch: 60 	Loss: 0.585790, Accuracy: 29131/32527 (89.56%), Avg HSIC Data: 2.883388

Validation set: Loss: 0.3331, Accuracy: 12556/13941 (90.07%)

No improvement in validation loss for 4 epoch(s).
------------------------------------------------
Train Epoch: 61 	Loss: 0.584285, Accuracy: 29190/32527 (89.74%), Avg HSIC Data: 2.856811

Validation set: Loss: 0.3164, Accuracy: 12587/13941 (90.29%)

No improvement in validation loss for 5 epoch(s).
------------------------------------------------
Train Epoch: 62 	Loss: 0.584276, Accuracy: 29186/32527 (89.73%), Avg HSIC Data: 2.860558

Validation set: Loss: 0.3275, Accuracy: 12587/13941 (90.29%)

Epoch 00062: reducing learning rate of group 0 to 1.0000e-04.
No improvement in validation loss for 6 epoch(s).
------------------------------------------------
Train Epoch: 63 	Loss: 0.537754, Accuracy: 29468/32527 (90.60%), Avg HSIC Data: 2.697352

Validation set: Loss: 0.3127, Accuracy: 12617/13941 (90.50%)

Validation loss improved from 0.314124 to 0.312699, saving model.
------------------------------------------------
Train Epoch: 64 	Loss: 0.514726, Accuracy: 29600/32527 (91.00%), Avg HSIC Data: 2.553140

Validation set: Loss: 0.3076, Accuracy: 12619/13941 (90.52%)

Validation loss improved from 0.312699 to 0.307578, saving model.
------------------------------------------------
Train Epoch: 65 	Loss: 0.505181, Accuracy: 29608/32527 (91.03%), Avg HSIC Data: 2.449920

Validation set: Loss: 0.3038, Accuracy: 12627/13941 (90.57%)

Validation loss improved from 0.307578 to 0.303777, saving model.
------------------------------------------------
Train Epoch: 66 	Loss: 0.499256, Accuracy: 29598/32527 (91.00%), Avg HSIC Data: 2.389443

Validation set: Loss: 0.3102, Accuracy: 12623/13941 (90.55%)

No improvement in validation loss for 1 epoch(s).
------------------------------------------------
Train Epoch: 67 	Loss: 0.492610, Accuracy: 29624/32527 (91.08%), Avg HSIC Data: 2.345875

Validation set: Loss: 0.3088, Accuracy: 12634/13941 (90.62%)

No improvement in validation loss for 2 epoch(s).
------------------------------------------------
Train Epoch: 68 	Loss: 0.488479, Accuracy: 29651/32527 (91.16%), Avg HSIC Data: 2.296387

Validation set: Loss: 0.3020, Accuracy: 12647/13941 (90.72%)

Validation loss improved from 0.303777 to 0.302045, saving model.
------------------------------------------------
Train Epoch: 69 	Loss: 0.484331, Accuracy: 29673/32527 (91.23%), Avg HSIC Data: 2.261738

Validation set: Loss: 0.3137, Accuracy: 12611/13941 (90.46%)

No improvement in validation loss for 1 epoch(s).
------------------------------------------------
Train Epoch: 70 	Loss: 0.484293, Accuracy: 29649/32527 (91.15%), Avg HSIC Data: 2.243451

Validation set: Loss: 0.3006, Accuracy: 12650/13941 (90.74%)

Validation loss improved from 0.302045 to 0.300569, saving model.
------------------------------------------------
Train Epoch: 71 	Loss: 0.478817, Accuracy: 29674/32527 (91.23%), Avg HSIC Data: 2.226624

Validation set: Loss: 0.3018, Accuracy: 12653/13941 (90.76%)

No improvement in validation loss for 1 epoch(s).
------------------------------------------------
Train Epoch: 72 	Loss: 0.479181, Accuracy: 29672/32527 (91.22%), Avg HSIC Data: 2.199504

Validation set: Loss: 0.3108, Accuracy: 12604/13941 (90.41%)

No improvement in validation loss for 2 epoch(s).
------------------------------------------------
Train Epoch: 73 	Loss: 0.476474, Accuracy: 29676/32527 (91.23%), Avg HSIC Data: 2.180181

Validation set: Loss: 0.3029, Accuracy: 12635/13941 (90.63%)

No improvement in validation loss for 3 epoch(s).
------------------------------------------------
Train Epoch: 74 	Loss: 0.472794, Accuracy: 29693/32527 (91.29%), Avg HSIC Data: 2.167854

Validation set: Loss: 0.3018, Accuracy: 12653/13941 (90.76%)

No improvement in validation loss for 4 epoch(s).
------------------------------------------------
Train Epoch: 75 	Loss: 0.471208, Accuracy: 29694/32527 (91.29%), Avg HSIC Data: 2.142848

Validation set: Loss: 0.3062, Accuracy: 12634/13941 (90.62%)

No improvement in validation loss for 5 epoch(s).
------------------------------------------------
Train Epoch: 76 	Loss: 0.472050, Accuracy: 29687/32527 (91.27%), Avg HSIC Data: 2.139451

Validation set: Loss: 0.3079, Accuracy: 12616/13941 (90.50%)

Epoch 00076: reducing learning rate of group 0 to 1.0000e-05.
No improvement in validation loss for 6 epoch(s).
------------------------------------------------
Train Epoch: 77 	Loss: 0.466809, Accuracy: 29719/32527 (91.37%), Avg HSIC Data: 2.116379

Validation set: Loss: 0.3028, Accuracy: 12649/13941 (90.73%)

No improvement in validation loss for 7 epoch(s).
------------------------------------------------
Train Epoch: 78 	Loss: 0.463489, Accuracy: 29767/32527 (91.51%), Avg HSIC Data: 2.112707

Validation set: Loss: 0.3046, Accuracy: 12643/13941 (90.69%)

No improvement in validation loss for 8 epoch(s).
------------------------------------------------
Train Epoch: 79 	Loss: 0.463339, Accuracy: 29775/32527 (91.54%), Avg HSIC Data: 2.115877

Validation set: Loss: 0.3053, Accuracy: 12647/13941 (90.72%)

No improvement in validation loss for 9 epoch(s).
------------------------------------------------
Train Epoch: 80 	Loss: 0.463697, Accuracy: 29743/32527 (91.44%), Avg HSIC Data: 2.110134

Validation set: Loss: 0.3027, Accuracy: 12653/13941 (90.76%)

No improvement in validation loss for 10 epoch(s).
Early stopping triggered at epoch 80.
------------------CR Testing------------------
Test Accuracy: 0.9344
