Train receivers: [0, 1, 2, 3, 4, 5, 6, 7, 16, 17, 18, 19, 20, 21, 22, 23, 24, 25, 26, 27, 28, 29, 30, 31]
Test receivers:  [8, 9, 10, 11, 12, 13, 14, 15]
Train Epoch: 1 	Loss: 0.628742, Accuracy: 30965/32527 (95.20%), Avg HSIC Data: 59.717749

Validation set: Loss: 0.2009, Accuracy: 13254/13941 (95.07%)

Validation loss improved from inf to 0.200904, saving model.
------------------------------------------------
Train Epoch: 2 	Loss: 0.623524, Accuracy: 31012/32527 (95.34%), Avg HSIC Data: 59.621938

Validation set: Loss: 0.2036, Accuracy: 13241/13941 (94.98%)

No improvement in validation loss for 1 epoch(s).
------------------------------------------------
Train Epoch: 3 	Loss: 0.618478, Accuracy: 31086/32527 (95.57%), Avg HSIC Data: 59.526567

Validation set: Loss: 0.1874, Accuracy: 13281/13941 (95.27%)

Validation loss improved from 0.200904 to 0.187443, saving model.
------------------------------------------------
Train Epoch: 4 	Loss: 0.612836, Accuracy: 31129/32527 (95.70%), Avg HSIC Data: 59.388693

Validation set: Loss: 0.2125, Accuracy: 13238/13941 (94.96%)

No improvement in validation loss for 1 epoch(s).
------------------------------------------------
Train Epoch: 5 	Loss: 0.610075, Accuracy: 31106/32527 (95.63%), Avg HSIC Data: 59.200474

Validation set: Loss: 0.2021, Accuracy: 13273/13941 (95.21%)

No improvement in validation loss for 2 epoch(s).
------------------------------------------------
Train Epoch: 6 	Loss: 0.606644, Accuracy: 31136/32527 (95.72%), Avg HSIC Data: 58.905137

Validation set: Loss: 0.1989, Accuracy: 13269/13941 (95.18%)

No improvement in validation loss for 3 epoch(s).
------------------------------------------------
Train Epoch: 7 	Loss: 0.599862, Accuracy: 31174/32527 (95.84%), Avg HSIC Data: 58.465779

Validation set: Loss: 0.1878, Accuracy: 13303/13941 (95.42%)

No improvement in validation loss for 4 epoch(s).
------------------------------------------------
Train Epoch: 8 	Loss: 0.589655, Accuracy: 31244/32527 (96.06%), Avg HSIC Data: 57.779776

Validation set: Loss: 0.1713, Accuracy: 13320/13941 (95.55%)

Validation loss improved from 0.187443 to 0.171304, saving model.
------------------------------------------------
Train Epoch: 9 	Loss: 0.581764, Accuracy: 31242/32527 (96.05%), Avg HSIC Data: 56.830187

Validation set: Loss: 0.1682, Accuracy: 13321/13941 (95.55%)

Validation loss improved from 0.171304 to 0.168190, saving model.
------------------------------------------------
Train Epoch: 10 	Loss: 0.576282, Accuracy: 31235/32527 (96.03%), Avg HSIC Data: 55.951886

Validation set: Loss: 0.1695, Accuracy: 13296/13941 (95.37%)

No improvement in validation loss for 1 epoch(s).
------------------------------------------------
Train Epoch: 11 	Loss: 0.567970, Accuracy: 31264/32527 (96.12%), Avg HSIC Data: 55.018725

Validation set: Loss: 0.1673, Accuracy: 13287/13941 (95.31%)

Validation loss improved from 0.168190 to 0.167265, saving model.
------------------------------------------------
Train Epoch: 12 	Loss: 0.561707, Accuracy: 31276/32527 (96.15%), Avg HSIC Data: 54.037424

Validation set: Loss: 0.1640, Accuracy: 13283/13941 (95.28%)

Validation loss improved from 0.167265 to 0.163963, saving model.
------------------------------------------------
Train Epoch: 13 	Loss: 0.556478, Accuracy: 31259/32527 (96.10%), Avg HSIC Data: 52.986155

Validation set: Loss: 0.1697, Accuracy: 13279/13941 (95.25%)

No improvement in validation loss for 1 epoch(s).
------------------------------------------------
Train Epoch: 14 	Loss: 0.542410, Accuracy: 31318/32527 (96.28%), Avg HSIC Data: 51.589639

Validation set: Loss: 0.1631, Accuracy: 13298/13941 (95.39%)

Validation loss improved from 0.163963 to 0.163070, saving model.
------------------------------------------------
Train Epoch: 15 	Loss: 0.532615, Accuracy: 31276/32527 (96.15%), Avg HSIC Data: 49.957769

Validation set: Loss: 0.1634, Accuracy: 13287/13941 (95.31%)

No improvement in validation loss for 1 epoch(s).
------------------------------------------------
Train Epoch: 16 	Loss: 0.520326, Accuracy: 31283/32527 (96.18%), Avg HSIC Data: 47.855844

Validation set: Loss: 0.1671, Accuracy: 13294/13941 (95.36%)

No improvement in validation loss for 2 epoch(s).
------------------------------------------------
Train Epoch: 17 	Loss: 0.504883, Accuracy: 31200/32527 (95.92%), Avg HSIC Data: 45.230655

Validation set: Loss: 0.1747, Accuracy: 13240/13941 (94.97%)

No improvement in validation loss for 3 epoch(s).
------------------------------------------------
Train Epoch: 18 	Loss: 0.485518, Accuracy: 31172/32527 (95.83%), Avg HSIC Data: 42.212565

Validation set: Loss: 0.1625, Accuracy: 13276/13941 (95.23%)

Validation loss improved from 0.163070 to 0.162525, saving model.
------------------------------------------------
Train Epoch: 19 	Loss: 0.462412, Accuracy: 31143/32527 (95.75%), Avg HSIC Data: 38.660438

Validation set: Loss: 0.1651, Accuracy: 13245/13941 (95.01%)

No improvement in validation loss for 1 epoch(s).
------------------------------------------------
Train Epoch: 20 	Loss: 0.440122, Accuracy: 31095/32527 (95.60%), Avg HSIC Data: 35.198454

Validation set: Loss: 0.1750, Accuracy: 13188/13941 (94.60%)

No improvement in validation loss for 2 epoch(s).
------------------------------------------------
Train Epoch: 21 	Loss: 0.422495, Accuracy: 31046/32527 (95.45%), Avg HSIC Data: 32.165103

Validation set: Loss: 0.1752, Accuracy: 13186/13941 (94.58%)

No improvement in validation loss for 3 epoch(s).
------------------------------------------------
Train Epoch: 22 	Loss: 0.406120, Accuracy: 30983/32527 (95.25%), Avg HSIC Data: 29.779755

Validation set: Loss: 0.1822, Accuracy: 13175/13941 (94.51%)

No improvement in validation loss for 4 epoch(s).
------------------------------------------------
Train Epoch: 23 	Loss: 0.387495, Accuracy: 31048/32527 (95.45%), Avg HSIC Data: 27.713199

Validation set: Loss: 0.1875, Accuracy: 13134/13941 (94.21%)

No improvement in validation loss for 5 epoch(s).
------------------------------------------------
Train Epoch: 24 	Loss: 0.381382, Accuracy: 30935/32527 (95.11%), Avg HSIC Data: 25.934033

Validation set: Loss: 0.1555, Accuracy: 13258/13941 (95.10%)

Validation loss improved from 0.162525 to 0.155487, saving model.
------------------------------------------------
Train Epoch: 25 	Loss: 0.382265, Accuracy: 30785/32527 (94.64%), Avg HSIC Data: 24.978097

Validation set: Loss: 0.1762, Accuracy: 13176/13941 (94.51%)

No improvement in validation loss for 1 epoch(s).
------------------------------------------------
Train Epoch: 26 	Loss: 0.357809, Accuracy: 30955/32527 (95.17%), Avg HSIC Data: 23.374306

Validation set: Loss: 0.1619, Accuracy: 13249/13941 (95.04%)

No improvement in validation loss for 2 epoch(s).
------------------------------------------------
Train Epoch: 27 	Loss: 0.349240, Accuracy: 30951/32527 (95.15%), Avg HSIC Data: 22.322193

Validation set: Loss: 0.1563, Accuracy: 13261/13941 (95.12%)

No improvement in validation loss for 3 epoch(s).
------------------------------------------------
Train Epoch: 28 	Loss: 0.336609, Accuracy: 30961/32527 (95.19%), Avg HSIC Data: 21.201444

Validation set: Loss: 0.1636, Accuracy: 13229/13941 (94.89%)

No improvement in validation loss for 4 epoch(s).
------------------------------------------------
Train Epoch: 29 	Loss: 0.329338, Accuracy: 30974/32527 (95.23%), Avg HSIC Data: 20.401674

Validation set: Loss: 0.1458, Accuracy: 13319/13941 (95.54%)

Validation loss improved from 0.155487 to 0.145845, saving model.
------------------------------------------------
Train Epoch: 30 	Loss: 0.319929, Accuracy: 31029/32527 (95.39%), Avg HSIC Data: 19.599939

Validation set: Loss: 0.1408, Accuracy: 13349/13941 (95.75%)

Validation loss improved from 0.145845 to 0.140833, saving model.
------------------------------------------------
Train Epoch: 31 	Loss: 0.315077, Accuracy: 31049/32527 (95.46%), Avg HSIC Data: 19.194538

Validation set: Loss: 0.1510, Accuracy: 13268/13941 (95.17%)

No improvement in validation loss for 1 epoch(s).
------------------------------------------------
Train Epoch: 32 	Loss: 0.310576, Accuracy: 31024/32527 (95.38%), Avg HSIC Data: 18.580715

Validation set: Loss: 0.1508, Accuracy: 13286/13941 (95.30%)

No improvement in validation loss for 2 epoch(s).
------------------------------------------------
Train Epoch: 33 	Loss: 0.304438, Accuracy: 31043/32527 (95.44%), Avg HSIC Data: 18.085406

Validation set: Loss: 0.1478, Accuracy: 13285/13941 (95.29%)

No improvement in validation loss for 3 epoch(s).
------------------------------------------------
Train Epoch: 34 	Loss: 0.300404, Accuracy: 31028/32527 (95.39%), Avg HSIC Data: 17.593265

Validation set: Loss: 0.1491, Accuracy: 13294/13941 (95.36%)

No improvement in validation loss for 4 epoch(s).
------------------------------------------------
Train Epoch: 35 	Loss: 0.302195, Accuracy: 30995/32527 (95.29%), Avg HSIC Data: 17.447142

Validation set: Loss: 0.1447, Accuracy: 13320/13941 (95.55%)

No improvement in validation loss for 5 epoch(s).
------------------------------------------------
Train Epoch: 36 	Loss: 0.288776, Accuracy: 31093/32527 (95.59%), Avg HSIC Data: 16.800039

Validation set: Loss: 0.1521, Accuracy: 13281/13941 (95.27%)

Epoch 00036: reducing learning rate of group 0 to 1.0000e-04.
No improvement in validation loss for 6 epoch(s).
------------------------------------------------
Train Epoch: 37 	Loss: 0.271554, Accuracy: 31216/32527 (95.97%), Avg HSIC Data: 16.349687

Validation set: Loss: 0.1389, Accuracy: 13331/13941 (95.62%)

Validation loss improved from 0.140833 to 0.138915, saving model.
------------------------------------------------
Train Epoch: 38 	Loss: 0.265971, Accuracy: 31269/32527 (96.13%), Avg HSIC Data: 15.951172

Validation set: Loss: 0.1365, Accuracy: 13337/13941 (95.67%)

Validation loss improved from 0.138915 to 0.136509, saving model.
------------------------------------------------
Train Epoch: 39 	Loss: 0.261521, Accuracy: 31257/32527 (96.10%), Avg HSIC Data: 15.725678

Validation set: Loss: 0.1358, Accuracy: 13336/13941 (95.66%)

Validation loss improved from 0.136509 to 0.135771, saving model.
------------------------------------------------
Train Epoch: 40 	Loss: 0.255429, Accuracy: 31316/32527 (96.28%), Avg HSIC Data: 15.437513

Validation set: Loss: 0.1372, Accuracy: 13334/13941 (95.65%)

No improvement in validation loss for 1 epoch(s).
------------------------------------------------
Train Epoch: 41 	Loss: 0.255532, Accuracy: 31318/32527 (96.28%), Avg HSIC Data: 15.356556

Validation set: Loss: 0.1355, Accuracy: 13343/13941 (95.71%)

Validation loss improved from 0.135771 to 0.135481, saving model.
------------------------------------------------
Train Epoch: 42 	Loss: 0.253291, Accuracy: 31326/32527 (96.31%), Avg HSIC Data: 15.077983

Validation set: Loss: 0.1365, Accuracy: 13337/13941 (95.67%)

No improvement in validation loss for 1 epoch(s).
------------------------------------------------
Train Epoch: 43 	Loss: 0.250879, Accuracy: 31360/32527 (96.41%), Avg HSIC Data: 14.949182

Validation set: Loss: 0.1341, Accuracy: 13344/13941 (95.72%)

Validation loss improved from 0.135481 to 0.134070, saving model.
------------------------------------------------
Train Epoch: 44 	Loss: 0.248135, Accuracy: 31322/32527 (96.30%), Avg HSIC Data: 14.757585

Validation set: Loss: 0.1347, Accuracy: 13350/13941 (95.76%)

No improvement in validation loss for 1 epoch(s).
------------------------------------------------
Train Epoch: 45 	Loss: 0.246501, Accuracy: 31340/32527 (96.35%), Avg HSIC Data: 14.566309

Validation set: Loss: 0.1355, Accuracy: 13353/13941 (95.78%)

No improvement in validation loss for 2 epoch(s).
------------------------------------------------
Train Epoch: 46 	Loss: 0.245186, Accuracy: 31331/32527 (96.32%), Avg HSIC Data: 14.389953

Validation set: Loss: 0.1341, Accuracy: 13354/13941 (95.79%)

No improvement in validation loss for 3 epoch(s).
------------------------------------------------
Train Epoch: 47 	Loss: 0.244301, Accuracy: 31310/32527 (96.26%), Avg HSIC Data: 14.207611

Validation set: Loss: 0.1372, Accuracy: 13337/13941 (95.67%)

No improvement in validation loss for 4 epoch(s).
------------------------------------------------
Train Epoch: 48 	Loss: 0.242607, Accuracy: 31357/32527 (96.40%), Avg HSIC Data: 14.150653

Validation set: Loss: 0.1316, Accuracy: 13359/13941 (95.83%)

Validation loss improved from 0.134070 to 0.131615, saving model.
------------------------------------------------
Train Epoch: 49 	Loss: 0.241088, Accuracy: 31319/32527 (96.29%), Avg HSIC Data: 13.912048

Validation set: Loss: 0.1335, Accuracy: 13352/13941 (95.78%)

No improvement in validation loss for 1 epoch(s).
------------------------------------------------
Train Epoch: 50 	Loss: 0.239948, Accuracy: 31381/32527 (96.48%), Avg HSIC Data: 13.843330

Validation set: Loss: 0.1386, Accuracy: 13330/13941 (95.62%)

No improvement in validation loss for 2 epoch(s).
------------------------------------------------
Train Epoch: 51 	Loss: 0.238320, Accuracy: 31350/32527 (96.38%), Avg HSIC Data: 13.719907

Validation set: Loss: 0.1332, Accuracy: 13352/13941 (95.78%)

No improvement in validation loss for 3 epoch(s).
------------------------------------------------
Train Epoch: 52 	Loss: 0.237337, Accuracy: 31357/32527 (96.40%), Avg HSIC Data: 13.623635

Validation set: Loss: 0.1333, Accuracy: 13361/13941 (95.84%)

No improvement in validation loss for 4 epoch(s).
------------------------------------------------
Train Epoch: 53 	Loss: 0.234442, Accuracy: 31398/32527 (96.53%), Avg HSIC Data: 13.471905

Validation set: Loss: 0.1345, Accuracy: 13348/13941 (95.75%)

No improvement in validation loss for 5 epoch(s).
------------------------------------------------
Train Epoch: 54 	Loss: 0.233332, Accuracy: 31402/32527 (96.54%), Avg HSIC Data: 13.399638

Validation set: Loss: 0.1350, Accuracy: 13353/13941 (95.78%)

Epoch 00054: reducing learning rate of group 0 to 1.0000e-05.
No improvement in validation loss for 6 epoch(s).
------------------------------------------------
Train Epoch: 55 	Loss: 0.234035, Accuracy: 31371/32527 (96.45%), Avg HSIC Data: 13.348681

Validation set: Loss: 0.1332, Accuracy: 13355/13941 (95.80%)

No improvement in validation loss for 7 epoch(s).
------------------------------------------------
Train Epoch: 56 	Loss: 0.231977, Accuracy: 31380/32527 (96.47%), Avg HSIC Data: 13.280245

Validation set: Loss: 0.1321, Accuracy: 13361/13941 (95.84%)

No improvement in validation loss for 8 epoch(s).
------------------------------------------------
Train Epoch: 57 	Loss: 0.232779, Accuracy: 31357/32527 (96.40%), Avg HSIC Data: 13.228712

Validation set: Loss: 0.1332, Accuracy: 13355/13941 (95.80%)

No improvement in validation loss for 9 epoch(s).
------------------------------------------------
Train Epoch: 58 	Loss: 0.232327, Accuracy: 31369/32527 (96.44%), Avg HSIC Data: 13.253115

Validation set: Loss: 0.1331, Accuracy: 13356/13941 (95.80%)

No improvement in validation loss for 10 epoch(s).
Early stopping triggered at epoch 58.
------------------CR Testing------------------
Test Accuracy: 0.8584
