Train receivers: [8, 9, 10, 11, 12, 13, 14, 15, 16, 17, 18, 19, 20, 21, 22, 23, 24, 25, 26, 27, 28, 29, 30, 31]
Test receivers:  [0, 1, 2, 3, 4, 5, 6, 7]
Train Epoch: 1 	Loss: 0.899751, Accuracy: 29611/32527 (91.04%), Avg HSIC Data: 62.185708

Validation set: Loss: 0.3401, Accuracy: 12739/13941 (91.38%)

Validation loss improved from inf to 0.340064, saving model.
------------------------------------------------
Train Epoch: 2 	Loss: 0.884574, Accuracy: 29750/32527 (91.46%), Avg HSIC Data: 61.604282

Validation set: Loss: 0.3222, Accuracy: 12753/13941 (91.48%)

Validation loss improved from 0.340064 to 0.322215, saving model.
------------------------------------------------
Train Epoch: 3 	Loss: 0.867815, Accuracy: 29798/32527 (91.61%), Avg HSIC Data: 60.519928

Validation set: Loss: 0.3155, Accuracy: 12752/13941 (91.47%)

Validation loss improved from 0.322215 to 0.315517, saving model.
------------------------------------------------
Train Epoch: 4 	Loss: 0.850398, Accuracy: 29855/32527 (91.79%), Avg HSIC Data: 58.558704

Validation set: Loss: 0.3188, Accuracy: 12750/13941 (91.46%)

No improvement in validation loss for 1 epoch(s).
------------------------------------------------
Train Epoch: 5 	Loss: 0.830728, Accuracy: 29854/32527 (91.78%), Avg HSIC Data: 56.814625

Validation set: Loss: 0.2945, Accuracy: 12774/13941 (91.63%)

Validation loss improved from 0.315517 to 0.294480, saving model.
------------------------------------------------
Train Epoch: 6 	Loss: 0.809795, Accuracy: 29900/32527 (91.92%), Avg HSIC Data: 54.865506

Validation set: Loss: 0.3026, Accuracy: 12736/13941 (91.36%)

No improvement in validation loss for 1 epoch(s).
------------------------------------------------
Train Epoch: 7 	Loss: 0.787296, Accuracy: 29909/32527 (91.95%), Avg HSIC Data: 52.255792

Validation set: Loss: 0.3035, Accuracy: 12727/13941 (91.29%)

No improvement in validation loss for 2 epoch(s).
------------------------------------------------
Train Epoch: 8 	Loss: 0.754608, Accuracy: 29826/32527 (91.70%), Avg HSIC Data: 48.665054

Validation set: Loss: 0.3000, Accuracy: 12727/13941 (91.29%)

No improvement in validation loss for 3 epoch(s).
------------------------------------------------
Train Epoch: 9 	Loss: 0.717753, Accuracy: 29723/32527 (91.38%), Avg HSIC Data: 43.719116

Validation set: Loss: 0.3098, Accuracy: 12693/13941 (91.05%)

No improvement in validation loss for 4 epoch(s).
------------------------------------------------
Train Epoch: 10 	Loss: 0.668993, Accuracy: 29741/32527 (91.43%), Avg HSIC Data: 38.137909

Validation set: Loss: 0.3070, Accuracy: 12706/13941 (91.14%)

No improvement in validation loss for 5 epoch(s).
------------------------------------------------
Train Epoch: 11 	Loss: 0.627670, Accuracy: 29685/32527 (91.26%), Avg HSIC Data: 33.046978

Validation set: Loss: 0.3130, Accuracy: 12643/13941 (90.69%)

Epoch 00011: reducing learning rate of group 0 to 1.0000e-04.
No improvement in validation loss for 6 epoch(s).
------------------------------------------------
Train Epoch: 12 	Loss: 0.586471, Accuracy: 29841/32527 (91.74%), Avg HSIC Data: 30.422825

Validation set: Loss: 0.2965, Accuracy: 12712/13941 (91.18%)

No improvement in validation loss for 7 epoch(s).
------------------------------------------------
Train Epoch: 13 	Loss: 0.573020, Accuracy: 29854/32527 (91.78%), Avg HSIC Data: 29.575857

Validation set: Loss: 0.2965, Accuracy: 12705/13941 (91.13%)

No improvement in validation loss for 8 epoch(s).
------------------------------------------------
Train Epoch: 14 	Loss: 0.564428, Accuracy: 29889/32527 (91.89%), Avg HSIC Data: 28.926186

Validation set: Loss: 0.2942, Accuracy: 12714/13941 (91.20%)

Validation loss improved from 0.294480 to 0.294192, saving model.
------------------------------------------------
Train Epoch: 15 	Loss: 0.558649, Accuracy: 29868/32527 (91.83%), Avg HSIC Data: 28.206511

Validation set: Loss: 0.2929, Accuracy: 12736/13941 (91.36%)

Validation loss improved from 0.294192 to 0.292917, saving model.
------------------------------------------------
Train Epoch: 16 	Loss: 0.552491, Accuracy: 29877/32527 (91.85%), Avg HSIC Data: 27.619726

Validation set: Loss: 0.2952, Accuracy: 12719/13941 (91.23%)

No improvement in validation loss for 1 epoch(s).
------------------------------------------------
Train Epoch: 17 	Loss: 0.543165, Accuracy: 29899/32527 (91.92%), Avg HSIC Data: 26.965065

Validation set: Loss: 0.2972, Accuracy: 12710/13941 (91.17%)

No improvement in validation loss for 2 epoch(s).
------------------------------------------------
Train Epoch: 18 	Loss: 0.537856, Accuracy: 29940/32527 (92.05%), Avg HSIC Data: 26.362210

Validation set: Loss: 0.2946, Accuracy: 12720/13941 (91.24%)

No improvement in validation loss for 3 epoch(s).
------------------------------------------------
Train Epoch: 19 	Loss: 0.529602, Accuracy: 29983/32527 (92.18%), Avg HSIC Data: 25.926007

Validation set: Loss: 0.2934, Accuracy: 12719/13941 (91.23%)

No improvement in validation loss for 4 epoch(s).
------------------------------------------------
Train Epoch: 20 	Loss: 0.525416, Accuracy: 29943/32527 (92.06%), Avg HSIC Data: 25.427660

Validation set: Loss: 0.2924, Accuracy: 12719/13941 (91.23%)

Validation loss improved from 0.292917 to 0.292431, saving model.
------------------------------------------------
Train Epoch: 21 	Loss: 0.527180, Accuracy: 29846/32527 (91.76%), Avg HSIC Data: 24.789307

Validation set: Loss: 0.2910, Accuracy: 12724/13941 (91.27%)

Validation loss improved from 0.292431 to 0.291008, saving model.
------------------------------------------------
Train Epoch: 22 	Loss: 0.522635, Accuracy: 29857/32527 (91.79%), Avg HSIC Data: 24.265070

Validation set: Loss: 0.2896, Accuracy: 12730/13941 (91.31%)

Validation loss improved from 0.291008 to 0.289585, saving model.
------------------------------------------------
Train Epoch: 23 	Loss: 0.518067, Accuracy: 29845/32527 (91.75%), Avg HSIC Data: 23.864652

Validation set: Loss: 0.2870, Accuracy: 12740/13941 (91.39%)

Validation loss improved from 0.289585 to 0.286968, saving model.
------------------------------------------------
Train Epoch: 24 	Loss: 0.513824, Accuracy: 29864/32527 (91.81%), Avg HSIC Data: 23.371728

Validation set: Loss: 0.2891, Accuracy: 12731/13941 (91.32%)

No improvement in validation loss for 1 epoch(s).
------------------------------------------------
Train Epoch: 25 	Loss: 0.508455, Accuracy: 29837/32527 (91.73%), Avg HSIC Data: 22.995109

Validation set: Loss: 0.2932, Accuracy: 12707/13941 (91.15%)

No improvement in validation loss for 2 epoch(s).
------------------------------------------------
Train Epoch: 26 	Loss: 0.504784, Accuracy: 29815/32527 (91.66%), Avg HSIC Data: 22.552815

Validation set: Loss: 0.2869, Accuracy: 12735/13941 (91.35%)

Validation loss improved from 0.286968 to 0.286913, saving model.
------------------------------------------------
Train Epoch: 27 	Loss: 0.499456, Accuracy: 29864/32527 (91.81%), Avg HSIC Data: 22.240580

Validation set: Loss: 0.2884, Accuracy: 12725/13941 (91.28%)

No improvement in validation loss for 1 epoch(s).
------------------------------------------------
Train Epoch: 28 	Loss: 0.496693, Accuracy: 29856/32527 (91.79%), Avg HSIC Data: 21.810879

Validation set: Loss: 0.2890, Accuracy: 12738/13941 (91.37%)

No improvement in validation loss for 2 epoch(s).
------------------------------------------------
Train Epoch: 29 	Loss: 0.492618, Accuracy: 29851/32527 (91.77%), Avg HSIC Data: 21.525414

Validation set: Loss: 0.2851, Accuracy: 12739/13941 (91.38%)

Validation loss improved from 0.286913 to 0.285108, saving model.
------------------------------------------------
Train Epoch: 30 	Loss: 0.487038, Accuracy: 29904/32527 (91.94%), Avg HSIC Data: 21.219946

Validation set: Loss: 0.2921, Accuracy: 12741/13941 (91.39%)

No improvement in validation loss for 1 epoch(s).
------------------------------------------------
Train Epoch: 31 	Loss: 0.484703, Accuracy: 29867/32527 (91.82%), Avg HSIC Data: 20.898367

Validation set: Loss: 0.2887, Accuracy: 12733/13941 (91.33%)

No improvement in validation loss for 2 epoch(s).
------------------------------------------------
Train Epoch: 32 	Loss: 0.481008, Accuracy: 29854/32527 (91.78%), Avg HSIC Data: 20.580285

Validation set: Loss: 0.2863, Accuracy: 12728/13941 (91.30%)

No improvement in validation loss for 3 epoch(s).
------------------------------------------------
Train Epoch: 33 	Loss: 0.474756, Accuracy: 29918/32527 (91.98%), Avg HSIC Data: 20.275811

Validation set: Loss: 0.2856, Accuracy: 12728/13941 (91.30%)

No improvement in validation loss for 4 epoch(s).
------------------------------------------------
Train Epoch: 34 	Loss: 0.473936, Accuracy: 29900/32527 (91.92%), Avg HSIC Data: 20.027107

Validation set: Loss: 0.2856, Accuracy: 12755/13941 (91.49%)

No improvement in validation loss for 5 epoch(s).
------------------------------------------------
Train Epoch: 35 	Loss: 0.471915, Accuracy: 29853/32527 (91.78%), Avg HSIC Data: 19.690636

Validation set: Loss: 0.2870, Accuracy: 12740/13941 (91.39%)

Epoch 00035: reducing learning rate of group 0 to 1.0000e-05.
No improvement in validation loss for 6 epoch(s).
------------------------------------------------
Train Epoch: 36 	Loss: 0.467214, Accuracy: 29924/32527 (92.00%), Avg HSIC Data: 19.670258

Validation set: Loss: 0.2846, Accuracy: 12743/13941 (91.41%)

Validation loss improved from 0.285108 to 0.284636, saving model.
------------------------------------------------
Train Epoch: 37 	Loss: 0.465733, Accuracy: 29905/32527 (91.94%), Avg HSIC Data: 19.571241

Validation set: Loss: 0.2857, Accuracy: 12743/13941 (91.41%)

No improvement in validation loss for 1 epoch(s).
------------------------------------------------
Train Epoch: 38 	Loss: 0.463931, Accuracy: 29936/32527 (92.03%), Avg HSIC Data: 19.552729

Validation set: Loss: 0.2846, Accuracy: 12739/13941 (91.38%)

Validation loss improved from 0.284636 to 0.284593, saving model.
------------------------------------------------
Train Epoch: 39 	Loss: 0.462371, Accuracy: 29958/32527 (92.10%), Avg HSIC Data: 19.532531

Validation set: Loss: 0.2843, Accuracy: 12742/13941 (91.40%)

Validation loss improved from 0.284593 to 0.284300, saving model.
------------------------------------------------
Train Epoch: 40 	Loss: 0.463560, Accuracy: 29917/32527 (91.98%), Avg HSIC Data: 19.430210

Validation set: Loss: 0.2843, Accuracy: 12743/13941 (91.41%)

No improvement in validation loss for 1 epoch(s).
------------------------------------------------
Train Epoch: 41 	Loss: 0.465465, Accuracy: 29890/32527 (91.89%), Avg HSIC Data: 19.412301

Validation set: Loss: 0.2849, Accuracy: 12746/13941 (91.43%)

No improvement in validation loss for 2 epoch(s).
------------------------------------------------
Train Epoch: 42 	Loss: 0.464922, Accuracy: 29890/32527 (91.89%), Avg HSIC Data: 19.354866

Validation set: Loss: 0.2839, Accuracy: 12749/13941 (91.45%)

Validation loss improved from 0.284300 to 0.283861, saving model.
------------------------------------------------
Train Epoch: 43 	Loss: 0.462680, Accuracy: 29907/32527 (91.95%), Avg HSIC Data: 19.320311

Validation set: Loss: 0.2850, Accuracy: 12743/13941 (91.41%)

No improvement in validation loss for 1 epoch(s).
------------------------------------------------
Train Epoch: 44 	Loss: 0.462780, Accuracy: 29932/32527 (92.02%), Avg HSIC Data: 19.308235

Validation set: Loss: 0.2854, Accuracy: 12742/13941 (91.40%)

No improvement in validation loss for 2 epoch(s).
------------------------------------------------
Train Epoch: 45 	Loss: 0.462178, Accuracy: 29927/32527 (92.01%), Avg HSIC Data: 19.259911

Validation set: Loss: 0.2847, Accuracy: 12744/13941 (91.41%)

No improvement in validation loss for 3 epoch(s).
------------------------------------------------
Train Epoch: 46 	Loss: 0.462063, Accuracy: 29934/32527 (92.03%), Avg HSIC Data: 19.221974

Validation set: Loss: 0.2848, Accuracy: 12743/13941 (91.41%)

No improvement in validation loss for 4 epoch(s).
------------------------------------------------
Train Epoch: 47 	Loss: 0.460769, Accuracy: 29919/32527 (91.98%), Avg HSIC Data: 19.244190

Validation set: Loss: 0.2847, Accuracy: 12747/13941 (91.44%)

No improvement in validation loss for 5 epoch(s).
------------------------------------------------
Train Epoch: 48 	Loss: 0.459872, Accuracy: 29956/32527 (92.10%), Avg HSIC Data: 19.195611

Validation set: Loss: 0.2850, Accuracy: 12744/13941 (91.41%)

Epoch 00048: reducing learning rate of group 0 to 1.0000e-06.
No improvement in validation loss for 6 epoch(s).
------------------------------------------------
Train Epoch: 49 	Loss: 0.459483, Accuracy: 29941/32527 (92.05%), Avg HSIC Data: 19.195532

Validation set: Loss: 0.2849, Accuracy: 12742/13941 (91.40%)

No improvement in validation loss for 7 epoch(s).
------------------------------------------------
Train Epoch: 50 	Loss: 0.461698, Accuracy: 29896/32527 (91.91%), Avg HSIC Data: 19.183084

Validation set: Loss: 0.2848, Accuracy: 12742/13941 (91.40%)

No improvement in validation loss for 8 epoch(s).
------------------------------------------------
Train Epoch: 51 	Loss: 0.460941, Accuracy: 29918/32527 (91.98%), Avg HSIC Data: 19.174430

Validation set: Loss: 0.2846, Accuracy: 12744/13941 (91.41%)

No improvement in validation loss for 9 epoch(s).
------------------------------------------------
Train Epoch: 52 	Loss: 0.462107, Accuracy: 29930/32527 (92.02%), Avg HSIC Data: 19.171123

Validation set: Loss: 0.2846, Accuracy: 12743/13941 (91.41%)

No improvement in validation loss for 10 epoch(s).
Early stopping triggered at epoch 52.
------------------CRD Testing------------------
Test Accuracy: 0.9115
