Train receivers: [0, 1, 2, 3, 4, 5, 9, 10, 11]
Test receivers:  [6, 7, 8]
Train Epoch: 1 	Loss: 4.389693, Accuracy: 7284/7560 (96.35%), Avg HSIC Data: 52.924002

Validation set: Loss: 0.1627, Accuracy: 3130/3240 (96.60%)

Validation loss improved from inf to 0.162727, saving model.
------------------------------------------------
Train Epoch: 2 	Loss: 3.392059, Accuracy: 7076/7560 (93.60%), Avg HSIC Data: 36.631343

Validation set: Loss: 0.3095, Accuracy: 3110/3240 (95.99%)

No improvement in validation loss for 1 epoch(s).
------------------------------------------------
Train Epoch: 3 	Loss: 2.138211, Accuracy: 7025/7560 (92.92%), Avg HSIC Data: 19.666854

Validation set: Loss: 0.3220, Accuracy: 3069/3240 (94.72%)

No improvement in validation loss for 2 epoch(s).
------------------------------------------------
Train Epoch: 4 	Loss: 1.390176, Accuracy: 7047/7560 (93.21%), Avg HSIC Data: 10.508198

Validation set: Loss: 0.2405, Accuracy: 3093/3240 (95.46%)

No improvement in validation loss for 3 epoch(s).
------------------------------------------------
Train Epoch: 5 	Loss: 1.080336, Accuracy: 7098/7560 (93.89%), Avg HSIC Data: 7.638319

Validation set: Loss: 0.2248, Accuracy: 3060/3240 (94.44%)

No improvement in validation loss for 4 epoch(s).
------------------------------------------------
Train Epoch: 6 	Loss: 0.925535, Accuracy: 7145/7560 (94.51%), Avg HSIC Data: 6.504529

Validation set: Loss: 0.1775, Accuracy: 3103/3240 (95.77%)

No improvement in validation loss for 5 epoch(s).
------------------------------------------------
Train Epoch: 7 	Loss: 0.827138, Accuracy: 7172/7560 (94.87%), Avg HSIC Data: 5.741800

Validation set: Loss: 0.1836, Accuracy: 3083/3240 (95.15%)

Epoch 00007: reducing learning rate of group 0 to 1.0000e-04.
No improvement in validation loss for 6 epoch(s).
------------------------------------------------
Train Epoch: 8 	Loss: 0.761100, Accuracy: 7210/7560 (95.37%), Avg HSIC Data: 5.435995

Validation set: Loss: 0.1632, Accuracy: 3107/3240 (95.90%)

No improvement in validation loss for 7 epoch(s).
------------------------------------------------
Train Epoch: 9 	Loss: 0.733392, Accuracy: 7238/7560 (95.74%), Avg HSIC Data: 5.308990

Validation set: Loss: 0.1629, Accuracy: 3108/3240 (95.93%)

No improvement in validation loss for 8 epoch(s).
------------------------------------------------
Train Epoch: 10 	Loss: 0.719191, Accuracy: 7241/7560 (95.78%), Avg HSIC Data: 5.171685

Validation set: Loss: 0.1596, Accuracy: 3111/3240 (96.02%)

Validation loss improved from 0.162727 to 0.159555, saving model.
------------------------------------------------
Train Epoch: 11 	Loss: 0.711026, Accuracy: 7253/7560 (95.94%), Avg HSIC Data: 5.096752

Validation set: Loss: 0.1560, Accuracy: 3116/3240 (96.17%)

Validation loss improved from 0.159555 to 0.155950, saving model.
------------------------------------------------
Train Epoch: 12 	Loss: 0.702260, Accuracy: 7259/7560 (96.02%), Avg HSIC Data: 5.059840

Validation set: Loss: 0.1557, Accuracy: 3116/3240 (96.17%)

Validation loss improved from 0.155950 to 0.155704, saving model.
------------------------------------------------
Train Epoch: 13 	Loss: 0.691482, Accuracy: 7253/7560 (95.94%), Avg HSIC Data: 4.949132

Validation set: Loss: 0.1541, Accuracy: 3114/3240 (96.11%)

Validation loss improved from 0.155704 to 0.154127, saving model.
------------------------------------------------
Train Epoch: 14 	Loss: 0.682136, Accuracy: 7262/7560 (96.06%), Avg HSIC Data: 4.887375

Validation set: Loss: 0.1554, Accuracy: 3113/3240 (96.08%)

No improvement in validation loss for 1 epoch(s).
------------------------------------------------
Train Epoch: 15 	Loss: 0.674148, Accuracy: 7254/7560 (95.95%), Avg HSIC Data: 4.824366

Validation set: Loss: 0.1506, Accuracy: 3115/3240 (96.14%)

Validation loss improved from 0.154127 to 0.150618, saving model.
------------------------------------------------
Train Epoch: 16 	Loss: 0.665129, Accuracy: 7282/7560 (96.32%), Avg HSIC Data: 4.794169

Validation set: Loss: 0.1493, Accuracy: 3118/3240 (96.23%)

Validation loss improved from 0.150618 to 0.149284, saving model.
------------------------------------------------
Train Epoch: 17 	Loss: 0.659889, Accuracy: 7259/7560 (96.02%), Avg HSIC Data: 4.712353

Validation set: Loss: 0.1508, Accuracy: 3114/3240 (96.11%)

No improvement in validation loss for 1 epoch(s).
------------------------------------------------
Train Epoch: 18 	Loss: 0.649830, Accuracy: 7262/7560 (96.06%), Avg HSIC Data: 4.645876

Validation set: Loss: 0.1478, Accuracy: 3118/3240 (96.23%)

Validation loss improved from 0.149284 to 0.147847, saving model.
------------------------------------------------
Train Epoch: 19 	Loss: 0.642938, Accuracy: 7281/7560 (96.31%), Avg HSIC Data: 4.631763

Validation set: Loss: 0.1480, Accuracy: 3119/3240 (96.27%)

No improvement in validation loss for 1 epoch(s).
------------------------------------------------
Train Epoch: 20 	Loss: 0.634703, Accuracy: 7283/7560 (96.34%), Avg HSIC Data: 4.566008

Validation set: Loss: 0.1473, Accuracy: 3115/3240 (96.14%)

Validation loss improved from 0.147847 to 0.147309, saving model.
------------------------------------------------
Train Epoch: 21 	Loss: 0.629592, Accuracy: 7281/7560 (96.31%), Avg HSIC Data: 4.514539

Validation set: Loss: 0.1452, Accuracy: 3119/3240 (96.27%)

Validation loss improved from 0.147309 to 0.145156, saving model.
------------------------------------------------
Train Epoch: 22 	Loss: 0.622089, Accuracy: 7290/7560 (96.43%), Avg HSIC Data: 4.471991

Validation set: Loss: 0.1483, Accuracy: 3109/3240 (95.96%)

No improvement in validation loss for 1 epoch(s).
------------------------------------------------
Train Epoch: 23 	Loss: 0.616602, Accuracy: 7281/7560 (96.31%), Avg HSIC Data: 4.434753

Validation set: Loss: 0.1416, Accuracy: 3120/3240 (96.30%)

Validation loss improved from 0.145156 to 0.141588, saving model.
------------------------------------------------
Train Epoch: 24 	Loss: 0.612724, Accuracy: 7274/7560 (96.22%), Avg HSIC Data: 4.387064

Validation set: Loss: 0.1424, Accuracy: 3118/3240 (96.23%)

No improvement in validation loss for 1 epoch(s).
------------------------------------------------
Train Epoch: 25 	Loss: 0.603741, Accuracy: 7278/7560 (96.27%), Avg HSIC Data: 4.336475

Validation set: Loss: 0.1406, Accuracy: 3119/3240 (96.27%)

Validation loss improved from 0.141588 to 0.140555, saving model.
------------------------------------------------
Train Epoch: 26 	Loss: 0.601769, Accuracy: 7290/7560 (96.43%), Avg HSIC Data: 4.325509

Validation set: Loss: 0.1411, Accuracy: 3118/3240 (96.23%)

No improvement in validation loss for 1 epoch(s).
------------------------------------------------
Train Epoch: 27 	Loss: 0.592844, Accuracy: 7296/7560 (96.51%), Avg HSIC Data: 4.262446

Validation set: Loss: 0.1360, Accuracy: 3119/3240 (96.27%)

Validation loss improved from 0.140555 to 0.135965, saving model.
------------------------------------------------
Train Epoch: 28 	Loss: 0.589532, Accuracy: 7290/7560 (96.43%), Avg HSIC Data: 4.262178

Validation set: Loss: 0.1390, Accuracy: 3120/3240 (96.30%)

No improvement in validation loss for 1 epoch(s).
------------------------------------------------
Train Epoch: 29 	Loss: 0.583638, Accuracy: 7286/7560 (96.38%), Avg HSIC Data: 4.195256

Validation set: Loss: 0.1345, Accuracy: 3120/3240 (96.30%)

Validation loss improved from 0.135965 to 0.134460, saving model.
------------------------------------------------
Train Epoch: 30 	Loss: 0.576812, Accuracy: 7308/7560 (96.67%), Avg HSIC Data: 4.176349

Validation set: Loss: 0.1376, Accuracy: 3117/3240 (96.20%)

No improvement in validation loss for 1 epoch(s).
------------------------------------------------
Train Epoch: 31 	Loss: 0.572290, Accuracy: 7304/7560 (96.61%), Avg HSIC Data: 4.148813

Validation set: Loss: 0.1355, Accuracy: 3122/3240 (96.36%)

No improvement in validation loss for 2 epoch(s).
------------------------------------------------
Train Epoch: 32 	Loss: 0.569291, Accuracy: 7297/7560 (96.52%), Avg HSIC Data: 4.131259

Validation set: Loss: 0.1346, Accuracy: 3120/3240 (96.30%)

No improvement in validation loss for 3 epoch(s).
------------------------------------------------
Train Epoch: 33 	Loss: 0.560435, Accuracy: 7328/7560 (96.93%), Avg HSIC Data: 4.044933

Validation set: Loss: 0.1322, Accuracy: 3124/3240 (96.42%)

Validation loss improved from 0.134460 to 0.132193, saving model.
------------------------------------------------
Train Epoch: 34 	Loss: 0.556323, Accuracy: 7313/7560 (96.73%), Avg HSIC Data: 4.040210

Validation set: Loss: 0.1344, Accuracy: 3121/3240 (96.33%)

No improvement in validation loss for 1 epoch(s).
------------------------------------------------
Train Epoch: 35 	Loss: 0.552503, Accuracy: 7303/7560 (96.60%), Avg HSIC Data: 3.997419

Validation set: Loss: 0.1341, Accuracy: 3119/3240 (96.27%)

No improvement in validation loss for 2 epoch(s).
------------------------------------------------
Train Epoch: 36 	Loss: 0.548483, Accuracy: 7299/7560 (96.55%), Avg HSIC Data: 3.932923

Validation set: Loss: 0.1301, Accuracy: 3122/3240 (96.36%)

Validation loss improved from 0.132193 to 0.130105, saving model.
------------------------------------------------
Train Epoch: 37 	Loss: 0.544033, Accuracy: 7305/7560 (96.63%), Avg HSIC Data: 3.915278

Validation set: Loss: 0.1306, Accuracy: 3124/3240 (96.42%)

No improvement in validation loss for 1 epoch(s).
------------------------------------------------
Train Epoch: 38 	Loss: 0.540328, Accuracy: 7302/7560 (96.59%), Avg HSIC Data: 3.900485

Validation set: Loss: 0.1322, Accuracy: 3120/3240 (96.30%)

No improvement in validation loss for 2 epoch(s).
------------------------------------------------
Train Epoch: 39 	Loss: 0.535793, Accuracy: 7297/7560 (96.52%), Avg HSIC Data: 3.854678

Validation set: Loss: 0.1298, Accuracy: 3123/3240 (96.39%)

Validation loss improved from 0.130105 to 0.129760, saving model.
------------------------------------------------
Train Epoch: 40 	Loss: 0.532409, Accuracy: 7294/7560 (96.48%), Avg HSIC Data: 3.816139

Validation set: Loss: 0.1299, Accuracy: 3122/3240 (96.36%)

No improvement in validation loss for 1 epoch(s).
------------------------------------------------
Train Epoch: 41 	Loss: 0.529996, Accuracy: 7303/7560 (96.60%), Avg HSIC Data: 3.812434

Validation set: Loss: 0.1274, Accuracy: 3122/3240 (96.36%)

Validation loss improved from 0.129760 to 0.127375, saving model.
------------------------------------------------
Train Epoch: 42 	Loss: 0.526655, Accuracy: 7301/7560 (96.57%), Avg HSIC Data: 3.798641

Validation set: Loss: 0.1300, Accuracy: 3122/3240 (96.36%)

No improvement in validation loss for 1 epoch(s).
------------------------------------------------
Train Epoch: 43 	Loss: 0.518633, Accuracy: 7303/7560 (96.60%), Avg HSIC Data: 3.724728

Validation set: Loss: 0.1267, Accuracy: 3123/3240 (96.39%)

Validation loss improved from 0.127375 to 0.126713, saving model.
------------------------------------------------
Train Epoch: 44 	Loss: 0.514424, Accuracy: 7318/7560 (96.80%), Avg HSIC Data: 3.707485

Validation set: Loss: 0.1269, Accuracy: 3123/3240 (96.39%)

No improvement in validation loss for 1 epoch(s).
------------------------------------------------
Train Epoch: 45 	Loss: 0.513045, Accuracy: 7327/7560 (96.92%), Avg HSIC Data: 3.726861

Validation set: Loss: 0.1263, Accuracy: 3126/3240 (96.48%)

Validation loss improved from 0.126713 to 0.126279, saving model.
------------------------------------------------
Train Epoch: 46 	Loss: 0.507434, Accuracy: 7309/7560 (96.68%), Avg HSIC Data: 3.656339

Validation set: Loss: 0.1256, Accuracy: 3127/3240 (96.51%)

Validation loss improved from 0.126279 to 0.125621, saving model.
------------------------------------------------
Train Epoch: 47 	Loss: 0.503186, Accuracy: 7319/7560 (96.81%), Avg HSIC Data: 3.665071

Validation set: Loss: 0.1257, Accuracy: 3125/3240 (96.45%)

No improvement in validation loss for 1 epoch(s).
------------------------------------------------
Train Epoch: 48 	Loss: 0.498084, Accuracy: 7322/7560 (96.85%), Avg HSIC Data: 3.610113

Validation set: Loss: 0.1226, Accuracy: 3123/3240 (96.39%)

Validation loss improved from 0.125621 to 0.122590, saving model.
------------------------------------------------
Train Epoch: 49 	Loss: 0.495639, Accuracy: 7317/7560 (96.79%), Avg HSIC Data: 3.572764

Validation set: Loss: 0.1236, Accuracy: 3124/3240 (96.42%)

No improvement in validation loss for 1 epoch(s).
------------------------------------------------
Train Epoch: 50 	Loss: 0.490526, Accuracy: 7325/7560 (96.89%), Avg HSIC Data: 3.561650

Validation set: Loss: 0.1227, Accuracy: 3123/3240 (96.39%)

No improvement in validation loss for 2 epoch(s).
------------------------------------------------
Train Epoch: 51 	Loss: 0.488816, Accuracy: 7320/7560 (96.83%), Avg HSIC Data: 3.550007

Validation set: Loss: 0.1223, Accuracy: 3126/3240 (96.48%)

Validation loss improved from 0.122590 to 0.122317, saving model.
------------------------------------------------
Train Epoch: 52 	Loss: 0.486096, Accuracy: 7316/7560 (96.77%), Avg HSIC Data: 3.525857

Validation set: Loss: 0.1221, Accuracy: 3124/3240 (96.42%)

Validation loss improved from 0.122317 to 0.122109, saving model.
------------------------------------------------
Train Epoch: 53 	Loss: 0.479028, Accuracy: 7327/7560 (96.92%), Avg HSIC Data: 3.505061

Validation set: Loss: 0.1199, Accuracy: 3129/3240 (96.57%)

Validation loss improved from 0.122109 to 0.119878, saving model.
------------------------------------------------
Train Epoch: 54 	Loss: 0.476787, Accuracy: 7330/7560 (96.96%), Avg HSIC Data: 3.477661

Validation set: Loss: 0.1172, Accuracy: 3126/3240 (96.48%)

Validation loss improved from 0.119878 to 0.117214, saving model.
------------------------------------------------
Train Epoch: 55 	Loss: 0.473056, Accuracy: 7332/7560 (96.98%), Avg HSIC Data: 3.474613

Validation set: Loss: 0.1169, Accuracy: 3128/3240 (96.54%)

Validation loss improved from 0.117214 to 0.116940, saving model.
------------------------------------------------
Train Epoch: 56 	Loss: 0.474965, Accuracy: 7330/7560 (96.96%), Avg HSIC Data: 3.428802

Validation set: Loss: 0.1157, Accuracy: 3129/3240 (96.57%)

Validation loss improved from 0.116940 to 0.115702, saving model.
------------------------------------------------
Train Epoch: 57 	Loss: 0.471167, Accuracy: 7322/7560 (96.85%), Avg HSIC Data: 3.423948

Validation set: Loss: 0.1180, Accuracy: 3128/3240 (96.54%)

No improvement in validation loss for 1 epoch(s).
------------------------------------------------
Train Epoch: 58 	Loss: 0.463368, Accuracy: 7336/7560 (97.04%), Avg HSIC Data: 3.405438

Validation set: Loss: 0.1153, Accuracy: 3134/3240 (96.73%)

Validation loss improved from 0.115702 to 0.115346, saving model.
------------------------------------------------
Train Epoch: 59 	Loss: 0.467082, Accuracy: 7336/7560 (97.04%), Avg HSIC Data: 3.400536

Validation set: Loss: 0.1160, Accuracy: 3129/3240 (96.57%)

No improvement in validation loss for 1 epoch(s).
------------------------------------------------
Train Epoch: 60 	Loss: 0.458007, Accuracy: 7331/7560 (96.97%), Avg HSIC Data: 3.348738

Validation set: Loss: 0.1160, Accuracy: 3129/3240 (96.57%)

No improvement in validation loss for 2 epoch(s).
------------------------------------------------
Train Epoch: 61 	Loss: 0.456250, Accuracy: 7327/7560 (96.92%), Avg HSIC Data: 3.338755

Validation set: Loss: 0.1150, Accuracy: 3130/3240 (96.60%)

Validation loss improved from 0.115346 to 0.115022, saving model.
------------------------------------------------
Train Epoch: 62 	Loss: 0.453325, Accuracy: 7338/7560 (97.06%), Avg HSIC Data: 3.309289

Validation set: Loss: 0.1151, Accuracy: 3128/3240 (96.54%)

No improvement in validation loss for 1 epoch(s).
------------------------------------------------
Train Epoch: 63 	Loss: 0.448843, Accuracy: 7342/7560 (97.12%), Avg HSIC Data: 3.291060

Validation set: Loss: 0.1158, Accuracy: 3129/3240 (96.57%)

No improvement in validation loss for 2 epoch(s).
------------------------------------------------
Train Epoch: 64 	Loss: 0.447624, Accuracy: 7335/7560 (97.02%), Avg HSIC Data: 3.261583

Validation set: Loss: 0.1126, Accuracy: 3131/3240 (96.64%)

Validation loss improved from 0.115022 to 0.112580, saving model.
------------------------------------------------
Train Epoch: 65 	Loss: 0.443833, Accuracy: 7336/7560 (97.04%), Avg HSIC Data: 3.285834

Validation set: Loss: 0.1128, Accuracy: 3132/3240 (96.67%)

No improvement in validation loss for 1 epoch(s).
------------------------------------------------
Train Epoch: 66 	Loss: 0.439731, Accuracy: 7349/7560 (97.21%), Avg HSIC Data: 3.236086

Validation set: Loss: 0.1107, Accuracy: 3132/3240 (96.67%)

Validation loss improved from 0.112580 to 0.110741, saving model.
------------------------------------------------
Train Epoch: 67 	Loss: 0.436460, Accuracy: 7347/7560 (97.18%), Avg HSIC Data: 3.210864

Validation set: Loss: 0.1118, Accuracy: 3132/3240 (96.67%)

No improvement in validation loss for 1 epoch(s).
------------------------------------------------
Train Epoch: 68 	Loss: 0.433429, Accuracy: 7363/7560 (97.39%), Avg HSIC Data: 3.219205

Validation set: Loss: 0.1122, Accuracy: 3130/3240 (96.60%)

No improvement in validation loss for 2 epoch(s).
------------------------------------------------
Train Epoch: 69 	Loss: 0.438971, Accuracy: 7333/7560 (97.00%), Avg HSIC Data: 3.202586

Validation set: Loss: 0.1123, Accuracy: 3131/3240 (96.64%)

No improvement in validation loss for 3 epoch(s).
------------------------------------------------
Train Epoch: 70 	Loss: 0.431424, Accuracy: 7353/7560 (97.26%), Avg HSIC Data: 3.165459

Validation set: Loss: 0.1107, Accuracy: 3133/3240 (96.70%)

Validation loss improved from 0.110741 to 0.110727, saving model.
------------------------------------------------
Train Epoch: 71 	Loss: 0.425447, Accuracy: 7339/7560 (97.08%), Avg HSIC Data: 3.143524

Validation set: Loss: 0.1126, Accuracy: 3130/3240 (96.60%)

No improvement in validation loss for 1 epoch(s).
------------------------------------------------
Train Epoch: 72 	Loss: 0.425440, Accuracy: 7337/7560 (97.05%), Avg HSIC Data: 3.125988

Validation set: Loss: 0.1095, Accuracy: 3135/3240 (96.76%)

Validation loss improved from 0.110727 to 0.109530, saving model.
------------------------------------------------
Train Epoch: 73 	Loss: 0.423038, Accuracy: 7354/7560 (97.28%), Avg HSIC Data: 3.120130

Validation set: Loss: 0.1087, Accuracy: 3134/3240 (96.73%)

Validation loss improved from 0.109530 to 0.108740, saving model.
------------------------------------------------
Train Epoch: 74 	Loss: 0.418994, Accuracy: 7346/7560 (97.17%), Avg HSIC Data: 3.122532

Validation set: Loss: 0.1097, Accuracy: 3132/3240 (96.67%)

No improvement in validation loss for 1 epoch(s).
------------------------------------------------
Train Epoch: 75 	Loss: 0.415124, Accuracy: 7351/7560 (97.24%), Avg HSIC Data: 3.093476

Validation set: Loss: 0.1095, Accuracy: 3134/3240 (96.73%)

No improvement in validation loss for 2 epoch(s).
------------------------------------------------
Train Epoch: 76 	Loss: 0.415515, Accuracy: 7353/7560 (97.26%), Avg HSIC Data: 3.080729

Validation set: Loss: 0.1080, Accuracy: 3136/3240 (96.79%)

Validation loss improved from 0.108740 to 0.107978, saving model.
------------------------------------------------
Train Epoch: 77 	Loss: 0.410824, Accuracy: 7355/7560 (97.29%), Avg HSIC Data: 3.064703

Validation set: Loss: 0.1073, Accuracy: 3134/3240 (96.73%)

Validation loss improved from 0.107978 to 0.107318, saving model.
------------------------------------------------
Train Epoch: 78 	Loss: 0.405936, Accuracy: 7371/7560 (97.50%), Avg HSIC Data: 3.015869

Validation set: Loss: 0.1077, Accuracy: 3136/3240 (96.79%)

No improvement in validation loss for 1 epoch(s).
------------------------------------------------
Train Epoch: 79 	Loss: 0.408988, Accuracy: 7361/7560 (97.37%), Avg HSIC Data: 3.035617

Validation set: Loss: 0.1083, Accuracy: 3135/3240 (96.76%)

No improvement in validation loss for 2 epoch(s).
------------------------------------------------
Train Epoch: 80 	Loss: 0.406659, Accuracy: 7362/7560 (97.38%), Avg HSIC Data: 3.027381

Validation set: Loss: 0.1068, Accuracy: 3135/3240 (96.76%)

Validation loss improved from 0.107318 to 0.106757, saving model.
------------------------------------------------
Train Epoch: 81 	Loss: 0.401895, Accuracy: 7381/7560 (97.63%), Avg HSIC Data: 2.987765

Validation set: Loss: 0.1067, Accuracy: 3137/3240 (96.82%)

Validation loss improved from 0.106757 to 0.106705, saving model.
------------------------------------------------
Train Epoch: 82 	Loss: 0.402255, Accuracy: 7368/7560 (97.46%), Avg HSIC Data: 2.996980

Validation set: Loss: 0.1080, Accuracy: 3136/3240 (96.79%)

No improvement in validation loss for 1 epoch(s).
------------------------------------------------
Train Epoch: 83 	Loss: 0.398358, Accuracy: 7370/7560 (97.49%), Avg HSIC Data: 2.983443

Validation set: Loss: 0.1112, Accuracy: 3131/3240 (96.64%)

No improvement in validation loss for 2 epoch(s).
------------------------------------------------
Train Epoch: 84 	Loss: 0.394406, Accuracy: 7368/7560 (97.46%), Avg HSIC Data: 2.954212

Validation set: Loss: 0.1070, Accuracy: 3132/3240 (96.67%)

No improvement in validation loss for 3 epoch(s).
------------------------------------------------
Train Epoch: 85 	Loss: 0.393587, Accuracy: 7358/7560 (97.33%), Avg HSIC Data: 2.921948

Validation set: Loss: 0.1050, Accuracy: 3135/3240 (96.76%)

Validation loss improved from 0.106705 to 0.105015, saving model.
------------------------------------------------
Train Epoch: 86 	Loss: 0.387760, Accuracy: 7384/7560 (97.67%), Avg HSIC Data: 2.927021

Validation set: Loss: 0.1070, Accuracy: 3131/3240 (96.64%)

No improvement in validation loss for 1 epoch(s).
------------------------------------------------
Train Epoch: 87 	Loss: 0.383299, Accuracy: 7395/7560 (97.82%), Avg HSIC Data: 2.896628

Validation set: Loss: 0.1085, Accuracy: 3129/3240 (96.57%)

No improvement in validation loss for 2 epoch(s).
------------------------------------------------
Train Epoch: 88 	Loss: 0.383888, Accuracy: 7372/7560 (97.51%), Avg HSIC Data: 2.866898

Validation set: Loss: 0.1074, Accuracy: 3136/3240 (96.79%)

No improvement in validation loss for 3 epoch(s).
------------------------------------------------
Train Epoch: 89 	Loss: 0.386822, Accuracy: 7380/7560 (97.62%), Avg HSIC Data: 2.889807

Validation set: Loss: 0.1035, Accuracy: 3140/3240 (96.91%)

Validation loss improved from 0.105015 to 0.103521, saving model.
------------------------------------------------
Train Epoch: 90 	Loss: 0.387947, Accuracy: 7365/7560 (97.42%), Avg HSIC Data: 2.902366

Validation set: Loss: 0.1074, Accuracy: 3136/3240 (96.79%)

No improvement in validation loss for 1 epoch(s).
------------------------------------------------
Train Epoch: 91 	Loss: 0.380183, Accuracy: 7384/7560 (97.67%), Avg HSIC Data: 2.864744

Validation set: Loss: 0.1056, Accuracy: 3137/3240 (96.82%)

No improvement in validation loss for 2 epoch(s).
------------------------------------------------
Train Epoch: 92 	Loss: 0.378493, Accuracy: 7379/7560 (97.61%), Avg HSIC Data: 2.868512

Validation set: Loss: 0.1041, Accuracy: 3134/3240 (96.73%)

No improvement in validation loss for 3 epoch(s).
------------------------------------------------
Train Epoch: 93 	Loss: 0.376892, Accuracy: 7372/7560 (97.51%), Avg HSIC Data: 2.852822

Validation set: Loss: 0.1040, Accuracy: 3135/3240 (96.76%)

No improvement in validation loss for 4 epoch(s).
------------------------------------------------
Train Epoch: 94 	Loss: 0.373567, Accuracy: 7381/7560 (97.63%), Avg HSIC Data: 2.809339

Validation set: Loss: 0.1041, Accuracy: 3133/3240 (96.70%)

No improvement in validation loss for 5 epoch(s).
------------------------------------------------
Train Epoch: 95 	Loss: 0.369844, Accuracy: 7381/7560 (97.63%), Avg HSIC Data: 2.819807

Validation set: Loss: 0.1023, Accuracy: 3137/3240 (96.82%)

Validation loss improved from 0.103521 to 0.102335, saving model.
------------------------------------------------
Train Epoch: 96 	Loss: 0.366866, Accuracy: 7379/7560 (97.61%), Avg HSIC Data: 2.778575

Validation set: Loss: 0.1031, Accuracy: 3135/3240 (96.76%)

No improvement in validation loss for 1 epoch(s).
------------------------------------------------
Train Epoch: 97 	Loss: 0.367060, Accuracy: 7380/7560 (97.62%), Avg HSIC Data: 2.769946

Validation set: Loss: 0.1031, Accuracy: 3140/3240 (96.91%)

No improvement in validation loss for 2 epoch(s).
------------------------------------------------
Train Epoch: 98 	Loss: 0.365352, Accuracy: 7381/7560 (97.63%), Avg HSIC Data: 2.780438

Validation set: Loss: 0.1016, Accuracy: 3143/3240 (97.01%)

Validation loss improved from 0.102335 to 0.101562, saving model.
------------------------------------------------
Train Epoch: 99 	Loss: 0.370037, Accuracy: 7370/7560 (97.49%), Avg HSIC Data: 2.763139

Validation set: Loss: 0.1043, Accuracy: 3135/3240 (96.76%)

No improvement in validation loss for 1 epoch(s).
------------------------------------------------
Train Epoch: 100 	Loss: 0.367858, Accuracy: 7373/7560 (97.53%), Avg HSIC Data: 2.759618

Validation set: Loss: 0.1015, Accuracy: 3142/3240 (96.98%)

Validation loss improved from 0.101562 to 0.101501, saving model.
------------------------------------------------
Train Epoch: 101 	Loss: 0.360954, Accuracy: 7384/7560 (97.67%), Avg HSIC Data: 2.745498

Validation set: Loss: 0.1022, Accuracy: 3138/3240 (96.85%)

No improvement in validation loss for 1 epoch(s).
------------------------------------------------
Train Epoch: 102 	Loss: 0.361539, Accuracy: 7379/7560 (97.61%), Avg HSIC Data: 2.729787

Validation set: Loss: 0.1016, Accuracy: 3140/3240 (96.91%)

No improvement in validation loss for 2 epoch(s).
------------------------------------------------
Train Epoch: 103 	Loss: 0.359256, Accuracy: 7380/7560 (97.62%), Avg HSIC Data: 2.713618

Validation set: Loss: 0.1001, Accuracy: 3142/3240 (96.98%)

Validation loss improved from 0.101501 to 0.100123, saving model.
------------------------------------------------
Train Epoch: 104 	Loss: 0.356135, Accuracy: 7378/7560 (97.59%), Avg HSIC Data: 2.699935

Validation set: Loss: 0.0996, Accuracy: 3143/3240 (97.01%)

Validation loss improved from 0.100123 to 0.099578, saving model.
------------------------------------------------
Train Epoch: 105 	Loss: 0.351608, Accuracy: 7392/7560 (97.78%), Avg HSIC Data: 2.697454

Validation set: Loss: 0.1001, Accuracy: 3141/3240 (96.94%)

No improvement in validation loss for 1 epoch(s).
------------------------------------------------
Train Epoch: 106 	Loss: 0.350582, Accuracy: 7405/7560 (97.95%), Avg HSIC Data: 2.676175

Validation set: Loss: 0.1014, Accuracy: 3137/3240 (96.82%)

No improvement in validation loss for 2 epoch(s).
------------------------------------------------
Train Epoch: 107 	Loss: 0.345478, Accuracy: 7396/7560 (97.83%), Avg HSIC Data: 2.647285

Validation set: Loss: 0.0998, Accuracy: 3141/3240 (96.94%)

No improvement in validation loss for 3 epoch(s).
------------------------------------------------
Train Epoch: 108 	Loss: 0.348363, Accuracy: 7398/7560 (97.86%), Avg HSIC Data: 2.669862

Validation set: Loss: 0.0986, Accuracy: 3140/3240 (96.91%)

Validation loss improved from 0.099578 to 0.098563, saving model.
------------------------------------------------
Train Epoch: 109 	Loss: 0.345775, Accuracy: 7399/7560 (97.87%), Avg HSIC Data: 2.640477

Validation set: Loss: 0.0993, Accuracy: 3143/3240 (97.01%)

No improvement in validation loss for 1 epoch(s).
------------------------------------------------
Train Epoch: 110 	Loss: 0.347246, Accuracy: 7387/7560 (97.71%), Avg HSIC Data: 2.650669

Validation set: Loss: 0.1003, Accuracy: 3138/3240 (96.85%)

No improvement in validation loss for 2 epoch(s).
------------------------------------------------
Train Epoch: 111 	Loss: 0.342404, Accuracy: 7419/7560 (98.13%), Avg HSIC Data: 2.637565

Validation set: Loss: 0.0994, Accuracy: 3140/3240 (96.91%)

No improvement in validation loss for 3 epoch(s).
------------------------------------------------
Train Epoch: 112 	Loss: 0.341559, Accuracy: 7408/7560 (97.99%), Avg HSIC Data: 2.613889

Validation set: Loss: 0.0999, Accuracy: 3141/3240 (96.94%)

No improvement in validation loss for 4 epoch(s).
------------------------------------------------
Train Epoch: 113 	Loss: 0.338717, Accuracy: 7408/7560 (97.99%), Avg HSIC Data: 2.609053

Validation set: Loss: 0.1012, Accuracy: 3136/3240 (96.79%)

No improvement in validation loss for 5 epoch(s).
------------------------------------------------
Train Epoch: 114 	Loss: 0.337649, Accuracy: 7396/7560 (97.83%), Avg HSIC Data: 2.605561

Validation set: Loss: 0.0976, Accuracy: 3144/3240 (97.04%)

Validation loss improved from 0.098563 to 0.097645, saving model.
------------------------------------------------
Train Epoch: 115 	Loss: 0.337896, Accuracy: 7400/7560 (97.88%), Avg HSIC Data: 2.592689

Validation set: Loss: 0.1004, Accuracy: 3142/3240 (96.98%)

No improvement in validation loss for 1 epoch(s).
------------------------------------------------
Train Epoch: 116 	Loss: 0.331853, Accuracy: 7411/7560 (98.03%), Avg HSIC Data: 2.584659

Validation set: Loss: 0.1000, Accuracy: 3139/3240 (96.88%)

No improvement in validation loss for 2 epoch(s).
------------------------------------------------
Train Epoch: 117 	Loss: 0.331914, Accuracy: 7410/7560 (98.02%), Avg HSIC Data: 2.554685

Validation set: Loss: 0.0985, Accuracy: 3139/3240 (96.88%)

No improvement in validation loss for 3 epoch(s).
------------------------------------------------
Train Epoch: 118 	Loss: 0.328257, Accuracy: 7406/7560 (97.96%), Avg HSIC Data: 2.545737

Validation set: Loss: 0.0984, Accuracy: 3144/3240 (97.04%)

No improvement in validation loss for 4 epoch(s).
------------------------------------------------
Train Epoch: 119 	Loss: 0.328525, Accuracy: 7407/7560 (97.98%), Avg HSIC Data: 2.536378

Validation set: Loss: 0.0984, Accuracy: 3141/3240 (96.94%)

No improvement in validation loss for 5 epoch(s).
------------------------------------------------
Train Epoch: 120 	Loss: 0.327712, Accuracy: 7401/7560 (97.90%), Avg HSIC Data: 2.532238

Validation set: Loss: 0.0991, Accuracy: 3142/3240 (96.98%)

Epoch 00120: reducing learning rate of group 0 to 1.0000e-05.
No improvement in validation loss for 6 epoch(s).
------------------------------------------------
Train Epoch: 121 	Loss: 0.320877, Accuracy: 7431/7560 (98.29%), Avg HSIC Data: 2.545243

Validation set: Loss: 0.0973, Accuracy: 3143/3240 (97.01%)

Validation loss improved from 0.097645 to 0.097261, saving model.
------------------------------------------------
Train Epoch: 122 	Loss: 0.320324, Accuracy: 7423/7560 (98.19%), Avg HSIC Data: 2.529549

Validation set: Loss: 0.0968, Accuracy: 3143/3240 (97.01%)

Validation loss improved from 0.097261 to 0.096842, saving model.
------------------------------------------------
Train Epoch: 123 	Loss: 0.322307, Accuracy: 7418/7560 (98.12%), Avg HSIC Data: 2.515146

Validation set: Loss: 0.0965, Accuracy: 3144/3240 (97.04%)

Validation loss improved from 0.096842 to 0.096454, saving model.
------------------------------------------------
Train Epoch: 124 	Loss: 0.321124, Accuracy: 7418/7560 (98.12%), Avg HSIC Data: 2.507400

Validation set: Loss: 0.0960, Accuracy: 3144/3240 (97.04%)

Validation loss improved from 0.096454 to 0.096049, saving model.
------------------------------------------------
Train Epoch: 125 	Loss: 0.320539, Accuracy: 7413/7560 (98.06%), Avg HSIC Data: 2.496869

Validation set: Loss: 0.0963, Accuracy: 3144/3240 (97.04%)

No improvement in validation loss for 1 epoch(s).
------------------------------------------------
Train Epoch: 126 	Loss: 0.317492, Accuracy: 7427/7560 (98.24%), Avg HSIC Data: 2.482370

Validation set: Loss: 0.0967, Accuracy: 3144/3240 (97.04%)

No improvement in validation loss for 2 epoch(s).
------------------------------------------------
Train Epoch: 127 	Loss: 0.321368, Accuracy: 7417/7560 (98.11%), Avg HSIC Data: 2.519734

Validation set: Loss: 0.0964, Accuracy: 3144/3240 (97.04%)

No improvement in validation loss for 3 epoch(s).
------------------------------------------------
Train Epoch: 128 	Loss: 0.318798, Accuracy: 7429/7560 (98.27%), Avg HSIC Data: 2.504577

Validation set: Loss: 0.0963, Accuracy: 3143/3240 (97.01%)

No improvement in validation loss for 4 epoch(s).
------------------------------------------------
Train Epoch: 129 	Loss: 0.318336, Accuracy: 7426/7560 (98.23%), Avg HSIC Data: 2.491947

Validation set: Loss: 0.0963, Accuracy: 3144/3240 (97.04%)

No improvement in validation loss for 5 epoch(s).
------------------------------------------------
Train Epoch: 130 	Loss: 0.316196, Accuracy: 7430/7560 (98.28%), Avg HSIC Data: 2.496154

Validation set: Loss: 0.0963, Accuracy: 3144/3240 (97.04%)

Epoch 00130: reducing learning rate of group 0 to 1.0000e-06.
No improvement in validation loss for 6 epoch(s).
------------------------------------------------
Train Epoch: 131 	Loss: 0.316886, Accuracy: 7420/7560 (98.15%), Avg HSIC Data: 2.493628

Validation set: Loss: 0.0963, Accuracy: 3144/3240 (97.04%)

No improvement in validation loss for 7 epoch(s).
------------------------------------------------
Train Epoch: 132 	Loss: 0.318630, Accuracy: 7425/7560 (98.21%), Avg HSIC Data: 2.504035

Validation set: Loss: 0.0962, Accuracy: 3144/3240 (97.04%)

No improvement in validation loss for 8 epoch(s).
------------------------------------------------
Train Epoch: 133 	Loss: 0.319433, Accuracy: 7413/7560 (98.06%), Avg HSIC Data: 2.507523

Validation set: Loss: 0.0963, Accuracy: 3144/3240 (97.04%)

No improvement in validation loss for 9 epoch(s).
------------------------------------------------
Train Epoch: 134 	Loss: 0.318725, Accuracy: 7408/7560 (97.99%), Avg HSIC Data: 2.489631

Validation set: Loss: 0.0963, Accuracy: 3144/3240 (97.04%)

No improvement in validation loss for 10 epoch(s).
Early stopping triggered at epoch 134.
------------------CR Testing------------------
Test Accuracy: 0.9864
