Train receivers: [8, 9, 10, 11, 12, 13, 14, 15, 16, 17, 18, 19, 20, 21, 22, 23, 24, 25, 26, 27, 28, 29, 30, 31]
Test receivers:  [0, 1, 2, 3, 4, 5, 6, 7]
Train Epoch: 1 	Loss: 2.301948, Accuracy: 3509/32527 (10.79%), Avg HSIC Data: 48.492584

Validation set: Loss: 2.2864, Accuracy: 2192/13941 (15.72%)

Validation loss improved from inf to 2.286388, saving model.
------------------------------------------------
Train Epoch: 2 	Loss: 1.492174, Accuracy: 13338/32527 (41.01%), Avg HSIC Data: 61.956082

Validation set: Loss: 1.0118, Accuracy: 8952/13941 (64.21%)

Validation loss improved from 2.286388 to 1.011834, saving model.
------------------------------------------------
Train Epoch: 3 	Loss: 0.859698, Accuracy: 22857/32527 (70.27%), Avg HSIC Data: 62.643733

Validation set: Loss: 0.5479, Accuracy: 11915/13941 (85.47%)

Validation loss improved from 1.011834 to 0.547926, saving model.
------------------------------------------------
Train Epoch: 4 	Loss: 0.574071, Accuracy: 26895/32527 (82.69%), Avg HSIC Data: 62.633687

Validation set: Loss: 0.4627, Accuracy: 12289/13941 (88.15%)

Validation loss improved from 0.547926 to 0.462700, saving model.
------------------------------------------------
Train Epoch: 5 	Loss: 0.474574, Accuracy: 27860/32527 (85.65%), Avg HSIC Data: 62.601019

Validation set: Loss: 0.4521, Accuracy: 12279/13941 (88.08%)

Validation loss improved from 0.462700 to 0.452123, saving model.
------------------------------------------------
Train Epoch: 6 	Loss: 0.428819, Accuracy: 28295/32527 (86.99%), Avg HSIC Data: 62.562770

Validation set: Loss: 0.4040, Accuracy: 12488/13941 (89.58%)

Validation loss improved from 0.452123 to 0.404041, saving model.
------------------------------------------------
Train Epoch: 7 	Loss: 0.397762, Accuracy: 28542/32527 (87.75%), Avg HSIC Data: 62.566388

Validation set: Loss: 0.4154, Accuracy: 12481/13941 (89.53%)

No improvement in validation loss for 1 epoch(s).
------------------------------------------------
Train Epoch: 8 	Loss: 0.370384, Accuracy: 28785/32527 (88.50%), Avg HSIC Data: 62.545588

Validation set: Loss: 0.3920, Accuracy: 12543/13941 (89.97%)

Validation loss improved from 0.404041 to 0.391983, saving model.
------------------------------------------------
Train Epoch: 9 	Loss: 0.354406, Accuracy: 28932/32527 (88.95%), Avg HSIC Data: 62.524406

Validation set: Loss: 0.4031, Accuracy: 12558/13941 (90.08%)

No improvement in validation loss for 1 epoch(s).
------------------------------------------------
Train Epoch: 10 	Loss: 0.340764, Accuracy: 29094/32527 (89.45%), Avg HSIC Data: 62.460577

Validation set: Loss: 0.4058, Accuracy: 12570/13941 (90.17%)

No improvement in validation loss for 2 epoch(s).
------------------------------------------------
Train Epoch: 11 	Loss: 0.332527, Accuracy: 29147/32527 (89.61%), Avg HSIC Data: 62.510831

Validation set: Loss: 0.3762, Accuracy: 12558/13941 (90.08%)

Validation loss improved from 0.391983 to 0.376232, saving model.
------------------------------------------------
Train Epoch: 12 	Loss: 0.321763, Accuracy: 29319/32527 (90.14%), Avg HSIC Data: 62.515809

Validation set: Loss: 0.3678, Accuracy: 12648/13941 (90.73%)

Validation loss improved from 0.376232 to 0.367799, saving model.
------------------------------------------------
Train Epoch: 13 	Loss: 0.314745, Accuracy: 29328/32527 (90.17%), Avg HSIC Data: 62.475503

Validation set: Loss: 0.3876, Accuracy: 12577/13941 (90.22%)

No improvement in validation loss for 1 epoch(s).
------------------------------------------------
Train Epoch: 14 	Loss: 0.306347, Accuracy: 29383/32527 (90.33%), Avg HSIC Data: 62.512265

Validation set: Loss: 0.3493, Accuracy: 12686/13941 (91.00%)

Validation loss improved from 0.367799 to 0.349271, saving model.
------------------------------------------------
Train Epoch: 15 	Loss: 0.302243, Accuracy: 29428/32527 (90.47%), Avg HSIC Data: 62.453481

Validation set: Loss: 0.3363, Accuracy: 12720/13941 (91.24%)

Validation loss improved from 0.349271 to 0.336308, saving model.
------------------------------------------------
Train Epoch: 16 	Loss: 0.297358, Accuracy: 29456/32527 (90.56%), Avg HSIC Data: 62.481745

Validation set: Loss: 0.3489, Accuracy: 12718/13941 (91.23%)

No improvement in validation loss for 1 epoch(s).
------------------------------------------------
Train Epoch: 17 	Loss: 0.292311, Accuracy: 29536/32527 (90.80%), Avg HSIC Data: 62.448965

Validation set: Loss: 0.3562, Accuracy: 12699/13941 (91.09%)

No improvement in validation loss for 2 epoch(s).
------------------------------------------------
Train Epoch: 18 	Loss: 0.289070, Accuracy: 29514/32527 (90.74%), Avg HSIC Data: 62.454178

Validation set: Loss: 0.3309, Accuracy: 12723/13941 (91.26%)

Validation loss improved from 0.336308 to 0.330948, saving model.
------------------------------------------------
Train Epoch: 19 	Loss: 0.281835, Accuracy: 29596/32527 (90.99%), Avg HSIC Data: 62.441721

Validation set: Loss: 0.3426, Accuracy: 12741/13941 (91.39%)

No improvement in validation loss for 1 epoch(s).
------------------------------------------------
Train Epoch: 20 	Loss: 0.277327, Accuracy: 29640/32527 (91.12%), Avg HSIC Data: 62.474640

Validation set: Loss: 0.3210, Accuracy: 12759/13941 (91.52%)

Validation loss improved from 0.330948 to 0.321048, saving model.
------------------------------------------------
Train Epoch: 21 	Loss: 0.275220, Accuracy: 29695/32527 (91.29%), Avg HSIC Data: 62.408428

Validation set: Loss: 0.3471, Accuracy: 12742/13941 (91.40%)

No improvement in validation loss for 1 epoch(s).
------------------------------------------------
Train Epoch: 22 	Loss: 0.273266, Accuracy: 29656/32527 (91.17%), Avg HSIC Data: 62.373113

Validation set: Loss: 0.3379, Accuracy: 12767/13941 (91.58%)

No improvement in validation loss for 2 epoch(s).
------------------------------------------------
Train Epoch: 23 	Loss: 0.266511, Accuracy: 29703/32527 (91.32%), Avg HSIC Data: 62.409856

Validation set: Loss: 0.3501, Accuracy: 12749/13941 (91.45%)

No improvement in validation loss for 3 epoch(s).
------------------------------------------------
Train Epoch: 24 	Loss: 0.267185, Accuracy: 29748/32527 (91.46%), Avg HSIC Data: 62.404818

Validation set: Loss: 0.3345, Accuracy: 12771/13941 (91.61%)

No improvement in validation loss for 4 epoch(s).
------------------------------------------------
Train Epoch: 25 	Loss: 0.262848, Accuracy: 29798/32527 (91.61%), Avg HSIC Data: 62.379921

Validation set: Loss: 0.3440, Accuracy: 12777/13941 (91.65%)

No improvement in validation loss for 5 epoch(s).
------------------------------------------------
Train Epoch: 26 	Loss: 0.261694, Accuracy: 29783/32527 (91.56%), Avg HSIC Data: 62.433695

Validation set: Loss: 0.3242, Accuracy: 12794/13941 (91.77%)

Epoch 00026: reducing learning rate of group 0 to 1.0000e-04.
No improvement in validation loss for 6 epoch(s).
------------------------------------------------
Train Epoch: 27 	Loss: 0.243669, Accuracy: 29956/32527 (92.10%), Avg HSIC Data: 62.390595

Validation set: Loss: 0.3321, Accuracy: 12778/13941 (91.66%)

No improvement in validation loss for 7 epoch(s).
------------------------------------------------
Train Epoch: 28 	Loss: 0.244141, Accuracy: 29943/32527 (92.06%), Avg HSIC Data: 62.441797

Validation set: Loss: 0.3291, Accuracy: 12792/13941 (91.76%)

No improvement in validation loss for 8 epoch(s).
------------------------------------------------
Train Epoch: 29 	Loss: 0.243179, Accuracy: 29952/32527 (92.08%), Avg HSIC Data: 62.435887

Validation set: Loss: 0.3295, Accuracy: 12796/13941 (91.79%)

No improvement in validation loss for 9 epoch(s).
------------------------------------------------
Train Epoch: 30 	Loss: 0.238023, Accuracy: 30024/32527 (92.30%), Avg HSIC Data: 62.413251

Validation set: Loss: 0.3318, Accuracy: 12800/13941 (91.82%)

No improvement in validation loss for 10 epoch(s).
Early stopping triggered at epoch 30.
------------------CR Testing------------------
Test Accuracy: 0.9066
